[2024-12-19 18:01:20,013] DEBUG [Controller id=0] Delete topics listener fired for topics retail_sales to be deleted (kafka.controller.KafkaController)
[2024-12-19 18:01:20,016] INFO [Controller id=0] Starting topic deletion for topics retail_sales (kafka.controller.KafkaController)
[2024-12-19 18:01:20,018] INFO [Topic Deletion Manager 0] Handling deletion for topics retail_sales (kafka.controller.TopicDeletionManager)
[2024-12-19 18:01:20,018] INFO [Topic Deletion Manager 0] Deletion of topic retail_sales (re)started (kafka.controller.TopicDeletionManager)
[2024-12-19 18:01:20,063] DEBUG [Controller id=0] Delete topic callback invoked on StopReplica response received from broker 0: request error = NONE, partition errors = Map(retail_sales-0 -> NONE) (kafka.controller.KafkaController)
[2024-12-19 18:01:20,063] DEBUG [Topic Deletion Manager 0] Deletion successfully completed for replicas [Topic=retail_sales,Partition=0,Replica=0] (kafka.controller.TopicDeletionManager)
[2024-12-19 18:01:20,064] INFO [Topic Deletion Manager 0] Handling deletion for topics retail_sales (kafka.controller.TopicDeletionManager)
[2024-12-19 18:01:20,088] INFO [Topic Deletion Manager 0] Deletion of topic retail_sales successfully completed (kafka.controller.TopicDeletionManager)
[2024-12-19 18:01:20,089] INFO [Controller id=0] New topics: [Set()], deleted topics: [Set()], new partition replica assignment [Set()] (kafka.controller.KafkaController)
[2024-12-19 18:01:20,089] DEBUG [Controller id=0] Delete topics listener fired for topics  to be deleted (kafka.controller.KafkaController)
[2024-12-19 18:01:21,802] DEBUG [Controller id=0] Delete topics listener fired for topics normal_data to be deleted (kafka.controller.KafkaController)
[2024-12-19 18:01:21,802] INFO [Controller id=0] Starting topic deletion for topics normal_data (kafka.controller.KafkaController)
[2024-12-19 18:01:21,802] INFO [Topic Deletion Manager 0] Handling deletion for topics normal_data (kafka.controller.TopicDeletionManager)
[2024-12-19 18:01:21,802] INFO [Topic Deletion Manager 0] Deletion of topic normal_data (re)started (kafka.controller.TopicDeletionManager)
[2024-12-19 18:01:21,827] DEBUG [Controller id=0] Delete topic callback invoked on StopReplica response received from broker 0: request error = NONE, partition errors = Map(normal_data-0 -> NONE) (kafka.controller.KafkaController)
[2024-12-19 18:01:21,827] DEBUG [Topic Deletion Manager 0] Deletion successfully completed for replicas [Topic=normal_data,Partition=0,Replica=0] (kafka.controller.TopicDeletionManager)
[2024-12-19 18:01:21,828] INFO [Topic Deletion Manager 0] Handling deletion for topics normal_data (kafka.controller.TopicDeletionManager)
[2024-12-19 18:01:21,847] INFO [Topic Deletion Manager 0] Deletion of topic normal_data successfully completed (kafka.controller.TopicDeletionManager)
[2024-12-19 18:01:21,848] INFO [Controller id=0] New topics: [Set()], deleted topics: [Set()], new partition replica assignment [Set()] (kafka.controller.KafkaController)
[2024-12-19 18:01:21,848] DEBUG [Controller id=0] Delete topics listener fired for topics  to be deleted (kafka.controller.KafkaController)
[2024-12-19 18:01:23,547] DEBUG [Controller id=0] Delete topics listener fired for topics anomalies to be deleted (kafka.controller.KafkaController)
[2024-12-19 18:01:23,548] INFO [Controller id=0] Starting topic deletion for topics anomalies (kafka.controller.KafkaController)
[2024-12-19 18:01:23,548] INFO [Topic Deletion Manager 0] Handling deletion for topics anomalies (kafka.controller.TopicDeletionManager)
[2024-12-19 18:01:23,548] INFO [Topic Deletion Manager 0] Deletion of topic anomalies (re)started (kafka.controller.TopicDeletionManager)
[2024-12-19 18:01:23,571] DEBUG [Controller id=0] Delete topic callback invoked on StopReplica response received from broker 0: request error = NONE, partition errors = Map(anomalies-0 -> NONE) (kafka.controller.KafkaController)
[2024-12-19 18:01:23,571] DEBUG [Topic Deletion Manager 0] Deletion successfully completed for replicas [Topic=anomalies,Partition=0,Replica=0] (kafka.controller.TopicDeletionManager)
[2024-12-19 18:01:23,571] INFO [Topic Deletion Manager 0] Handling deletion for topics anomalies (kafka.controller.TopicDeletionManager)
[2024-12-19 18:01:23,594] INFO [Topic Deletion Manager 0] Deletion of topic anomalies successfully completed (kafka.controller.TopicDeletionManager)
[2024-12-19 18:01:23,594] INFO [Controller id=0] New topics: [Set()], deleted topics: [Set()], new partition replica assignment [Set()] (kafka.controller.KafkaController)
[2024-12-19 18:01:23,596] DEBUG [Controller id=0] Delete topics listener fired for topics  to be deleted (kafka.controller.KafkaController)
[2024-12-19 18:02:28,633] INFO [Controller id=0] New topics: [Set(retail_sales)], deleted topics: [Set()], new partition replica assignment [Set(TopicIdReplicaAssignment(retail_sales,Some(5AtRxBTlRGiRMzw97EP1ig),Map(retail_sales-0 -> ReplicaAssignment(replicas=0, addingReplicas=, removingReplicas=))))] (kafka.controller.KafkaController)
[2024-12-19 18:02:28,634] INFO [Controller id=0] New partition creation callback for retail_sales-0 (kafka.controller.KafkaController)
[2024-12-19 18:02:30,413] INFO [Controller id=0] New topics: [Set(normal_data)], deleted topics: [Set()], new partition replica assignment [Set(TopicIdReplicaAssignment(normal_data,Some(BKwknnuSRpOnSSR78ZchJw),Map(normal_data-0 -> ReplicaAssignment(replicas=0, addingReplicas=, removingReplicas=))))] (kafka.controller.KafkaController)
[2024-12-19 18:02:30,413] INFO [Controller id=0] New partition creation callback for normal_data-0 (kafka.controller.KafkaController)
[2024-12-19 18:02:32,182] INFO [Controller id=0] New topics: [Set(anomalies)], deleted topics: [Set()], new partition replica assignment [Set(TopicIdReplicaAssignment(anomalies,Some(hoOyQdogQeCflf-BzVtdeA),Map(anomalies-0 -> ReplicaAssignment(replicas=0, addingReplicas=, removingReplicas=))))] (kafka.controller.KafkaController)
[2024-12-19 18:02:32,182] INFO [Controller id=0] New partition creation callback for anomalies-0 (kafka.controller.KafkaController)
[2024-12-19 18:04:22,882] INFO [Controller id=0] Processing automatic preferred replica leader election (kafka.controller.KafkaController)
[2024-12-19 18:04:22,882] TRACE [Controller id=0] Checking need to trigger auto leader balancing (kafka.controller.KafkaController)
[2024-12-19 18:04:22,883] DEBUG [Controller id=0] Topics not in preferred replica for broker 0 Map() (kafka.controller.KafkaController)
[2024-12-19 18:04:22,883] TRACE [Controller id=0] Leader imbalance ratio for broker 0 is 0.0 (kafka.controller.KafkaController)
[2024-12-19 18:09:22,938] INFO [Controller id=0] Processing automatic preferred replica leader election (kafka.controller.KafkaController)
[2024-12-19 18:09:22,940] TRACE [Controller id=0] Checking need to trigger auto leader balancing (kafka.controller.KafkaController)
[2024-12-19 18:09:22,943] DEBUG [Controller id=0] Topics not in preferred replica for broker 0 Map() (kafka.controller.KafkaController)
[2024-12-19 18:09:22,943] TRACE [Controller id=0] Leader imbalance ratio for broker 0 is 0.0 (kafka.controller.KafkaController)
[2024-12-19 18:14:22,950] INFO [Controller id=0] Processing automatic preferred replica leader election (kafka.controller.KafkaController)
[2024-12-19 18:14:22,951] TRACE [Controller id=0] Checking need to trigger auto leader balancing (kafka.controller.KafkaController)
[2024-12-19 18:14:22,954] DEBUG [Controller id=0] Topics not in preferred replica for broker 0 Map() (kafka.controller.KafkaController)
[2024-12-19 18:14:22,954] TRACE [Controller id=0] Leader imbalance ratio for broker 0 is 0.0 (kafka.controller.KafkaController)
