[2024-12-19 18:01:20,026] INFO [GroupMetadataManager brokerId=0] Group retail_group transitioned to Dead in generation 10 (kafka.coordinator.group.GroupMetadataManager)
[2024-12-19 18:01:20,038] INFO [GroupCoordinator 0]: Removed 1 offsets associated with deleted partitions: retail_sales-0. (kafka.coordinator.group.GroupCoordinator)
[2024-12-19 18:01:20,042] INFO [ReplicaFetcherManager on broker 0] Removed fetcher for partitions Set(retail_sales-0) (kafka.server.ReplicaFetcherManager)
[2024-12-19 18:01:20,042] INFO [ReplicaAlterLogDirsManager on broker 0] Removed fetcher for partitions Set(retail_sales-0) (kafka.server.ReplicaAlterLogDirsManager)
[2024-12-19 18:01:20,046] INFO [ReplicaFetcherManager on broker 0] Removed fetcher for partitions Set(retail_sales-0) (kafka.server.ReplicaFetcherManager)
[2024-12-19 18:01:20,046] INFO [ReplicaAlterLogDirsManager on broker 0] Removed fetcher for partitions Set(retail_sales-0) (kafka.server.ReplicaAlterLogDirsManager)
[2024-12-19 18:01:20,051] INFO Log for partition retail_sales-0 is renamed to /tmp/kafka-logs/retail_sales-0.ddba94584d144d958376768d0d74f285-delete and is scheduled for deletion (kafka.log.LogManager)
[2024-12-19 18:01:21,803] INFO [GroupCoordinator 0]: Removed 0 offsets associated with deleted partitions: normal_data-0. (kafka.coordinator.group.GroupCoordinator)
[2024-12-19 18:01:21,808] INFO [ReplicaFetcherManager on broker 0] Removed fetcher for partitions Set(normal_data-0) (kafka.server.ReplicaFetcherManager)
[2024-12-19 18:01:21,808] INFO [ReplicaAlterLogDirsManager on broker 0] Removed fetcher for partitions Set(normal_data-0) (kafka.server.ReplicaAlterLogDirsManager)
[2024-12-19 18:01:21,810] INFO [ReplicaFetcherManager on broker 0] Removed fetcher for partitions Set(normal_data-0) (kafka.server.ReplicaFetcherManager)
[2024-12-19 18:01:21,810] INFO [ReplicaAlterLogDirsManager on broker 0] Removed fetcher for partitions Set(normal_data-0) (kafka.server.ReplicaAlterLogDirsManager)
[2024-12-19 18:01:21,814] INFO Log for partition normal_data-0 is renamed to /tmp/kafka-logs/normal_data-0.20266f454bd243129b3275e321e17770-delete and is scheduled for deletion (kafka.log.LogManager)
[2024-12-19 18:01:23,549] INFO [GroupCoordinator 0]: Removed 0 offsets associated with deleted partitions: anomalies-0. (kafka.coordinator.group.GroupCoordinator)
[2024-12-19 18:01:23,554] INFO [ReplicaFetcherManager on broker 0] Removed fetcher for partitions Set(anomalies-0) (kafka.server.ReplicaFetcherManager)
[2024-12-19 18:01:23,554] INFO [ReplicaAlterLogDirsManager on broker 0] Removed fetcher for partitions Set(anomalies-0) (kafka.server.ReplicaAlterLogDirsManager)
[2024-12-19 18:01:23,555] INFO [ReplicaFetcherManager on broker 0] Removed fetcher for partitions Set(anomalies-0) (kafka.server.ReplicaFetcherManager)
[2024-12-19 18:01:23,555] INFO [ReplicaAlterLogDirsManager on broker 0] Removed fetcher for partitions Set(anomalies-0) (kafka.server.ReplicaAlterLogDirsManager)
[2024-12-19 18:01:23,558] INFO Log for partition anomalies-0 is renamed to /tmp/kafka-logs/anomalies-0.6ec64c94b1814211977174a249c24c62-delete and is scheduled for deletion (kafka.log.LogManager)
[2024-12-19 18:02:20,065] INFO [LocalLog partition=retail_sales-0, dir=/tmp/kafka-logs] Deleting segments as the log has been deleted: LogSegment(baseOffset=0, size=122010858, lastModifiedTime=1734556870117, largestRecordTimestamp=Some(1734556870117)) (kafka.log.LocalLog)
[2024-12-19 18:02:20,068] INFO [LocalLog partition=retail_sales-0, dir=/tmp/kafka-logs] Deleting segment files LogSegment(baseOffset=0, size=122010858, lastModifiedTime=1734556870117, largestRecordTimestamp=Some(1734556870117)) (kafka.log.LocalLog$)
[2024-12-19 18:02:20,084] INFO Deleted log /tmp/kafka-logs/retail_sales-0.ddba94584d144d958376768d0d74f285-delete/00000000000000000000.log.deleted. (kafka.log.LogSegment)
[2024-12-19 18:02:20,088] INFO Deleted offset index /tmp/kafka-logs/retail_sales-0.ddba94584d144d958376768d0d74f285-delete/00000000000000000000.index.deleted. (kafka.log.LogSegment)
[2024-12-19 18:02:20,088] INFO Deleted time index /tmp/kafka-logs/retail_sales-0.ddba94584d144d958376768d0d74f285-delete/00000000000000000000.timeindex.deleted. (kafka.log.LogSegment)
[2024-12-19 18:02:20,092] INFO Deleted log for partition retail_sales-0 in /tmp/kafka-logs/retail_sales-0.ddba94584d144d958376768d0d74f285-delete. (kafka.log.LogManager)
[2024-12-19 18:02:21,820] INFO [LocalLog partition=normal_data-0, dir=/tmp/kafka-logs] Deleting segments as the log has been deleted: LogSegment(baseOffset=0, size=136691476, lastModifiedTime=1734557252617, largestRecordTimestamp=Some(1734557252617)) (kafka.log.LocalLog)
[2024-12-19 18:02:21,822] INFO [LocalLog partition=normal_data-0, dir=/tmp/kafka-logs] Deleting segment files LogSegment(baseOffset=0, size=136691476, lastModifiedTime=1734557252617, largestRecordTimestamp=Some(1734557252617)) (kafka.log.LocalLog$)
[2024-12-19 18:02:21,835] INFO Deleted log /tmp/kafka-logs/normal_data-0.20266f454bd243129b3275e321e17770-delete/00000000000000000000.log.deleted. (kafka.log.LogSegment)
[2024-12-19 18:02:21,835] INFO Deleted offset index /tmp/kafka-logs/normal_data-0.20266f454bd243129b3275e321e17770-delete/00000000000000000000.index.deleted. (kafka.log.LogSegment)
[2024-12-19 18:02:21,836] INFO Deleted time index /tmp/kafka-logs/normal_data-0.20266f454bd243129b3275e321e17770-delete/00000000000000000000.timeindex.deleted. (kafka.log.LogSegment)
[2024-12-19 18:02:21,837] INFO Deleted log for partition normal_data-0 in /tmp/kafka-logs/normal_data-0.20266f454bd243129b3275e321e17770-delete. (kafka.log.LogManager)
[2024-12-19 18:02:23,563] INFO [LocalLog partition=anomalies-0, dir=/tmp/kafka-logs] Deleting segments as the log has been deleted: LogSegment(baseOffset=0, size=2697524, lastModifiedTime=1734557252589, largestRecordTimestamp=Some(1734557252589)) (kafka.log.LocalLog)
[2024-12-19 18:02:23,564] INFO [LocalLog partition=anomalies-0, dir=/tmp/kafka-logs] Deleting segment files LogSegment(baseOffset=0, size=2697524, lastModifiedTime=1734557252589, largestRecordTimestamp=Some(1734557252589)) (kafka.log.LocalLog$)
[2024-12-19 18:02:23,565] INFO Deleted log /tmp/kafka-logs/anomalies-0.6ec64c94b1814211977174a249c24c62-delete/00000000000000000000.log.deleted. (kafka.log.LogSegment)
[2024-12-19 18:02:23,566] INFO Deleted offset index /tmp/kafka-logs/anomalies-0.6ec64c94b1814211977174a249c24c62-delete/00000000000000000000.index.deleted. (kafka.log.LogSegment)
[2024-12-19 18:02:23,566] INFO Deleted time index /tmp/kafka-logs/anomalies-0.6ec64c94b1814211977174a249c24c62-delete/00000000000000000000.timeindex.deleted. (kafka.log.LogSegment)
[2024-12-19 18:02:23,567] INFO Deleted log for partition anomalies-0 in /tmp/kafka-logs/anomalies-0.6ec64c94b1814211977174a249c24c62-delete. (kafka.log.LogManager)
[2024-12-19 18:02:28,598] INFO Creating topic retail_sales with configuration {} and initial partition assignment Map(0 -> ArrayBuffer(0)) (kafka.zk.AdminZkClient)
[2024-12-19 18:02:28,650] INFO [ReplicaFetcherManager on broker 0] Removed fetcher for partitions Set(retail_sales-0) (kafka.server.ReplicaFetcherManager)
[2024-12-19 18:02:28,653] INFO [LogLoader partition=retail_sales-0, dir=/tmp/kafka-logs] Loading producer state till offset 0 with message format version 2 (kafka.log.UnifiedLog$)
[2024-12-19 18:02:28,654] INFO Created log for partition retail_sales-0 in /tmp/kafka-logs/retail_sales-0 with properties {} (kafka.log.LogManager)
[2024-12-19 18:02:28,655] INFO [Partition retail_sales-0 broker=0] No checkpointed highwatermark is found for partition retail_sales-0 (kafka.cluster.Partition)
[2024-12-19 18:02:28,655] INFO [Partition retail_sales-0 broker=0] Log loaded for partition retail_sales-0 with initial high watermark 0 (kafka.cluster.Partition)
[2024-12-19 18:02:30,400] INFO Creating topic normal_data with configuration {} and initial partition assignment Map(0 -> ArrayBuffer(0)) (kafka.zk.AdminZkClient)
[2024-12-19 18:02:30,423] INFO [ReplicaFetcherManager on broker 0] Removed fetcher for partitions Set(normal_data-0) (kafka.server.ReplicaFetcherManager)
[2024-12-19 18:02:30,426] INFO [LogLoader partition=normal_data-0, dir=/tmp/kafka-logs] Loading producer state till offset 0 with message format version 2 (kafka.log.UnifiedLog$)
[2024-12-19 18:02:30,426] INFO Created log for partition normal_data-0 in /tmp/kafka-logs/normal_data-0 with properties {} (kafka.log.LogManager)
[2024-12-19 18:02:30,426] INFO [Partition normal_data-0 broker=0] No checkpointed highwatermark is found for partition normal_data-0 (kafka.cluster.Partition)
[2024-12-19 18:02:30,426] INFO [Partition normal_data-0 broker=0] Log loaded for partition normal_data-0 with initial high watermark 0 (kafka.cluster.Partition)
[2024-12-19 18:02:32,169] INFO Creating topic anomalies with configuration {} and initial partition assignment Map(0 -> ArrayBuffer(0)) (kafka.zk.AdminZkClient)
[2024-12-19 18:02:32,191] INFO [ReplicaFetcherManager on broker 0] Removed fetcher for partitions Set(anomalies-0) (kafka.server.ReplicaFetcherManager)
[2024-12-19 18:02:32,193] INFO [LogLoader partition=anomalies-0, dir=/tmp/kafka-logs] Loading producer state till offset 0 with message format version 2 (kafka.log.UnifiedLog$)
[2024-12-19 18:02:32,194] INFO Created log for partition anomalies-0 in /tmp/kafka-logs/anomalies-0 with properties {} (kafka.log.LogManager)
[2024-12-19 18:02:32,194] INFO [Partition anomalies-0 broker=0] No checkpointed highwatermark is found for partition anomalies-0 (kafka.cluster.Partition)
[2024-12-19 18:02:32,194] INFO [Partition anomalies-0 broker=0] Log loaded for partition anomalies-0 with initial high watermark 0 (kafka.cluster.Partition)
[2024-12-19 18:03:30,984] INFO [GroupCoordinator 0]: Dynamic member with unknown member id joins group retail_group in Empty state. Created a new member id rdkafka-0b1a6e27-6862-4496-9ccf-0bf1e955c2c5 and request the member to rejoin with this id. (kafka.coordinator.group.GroupCoordinator)
[2024-12-19 18:03:30,988] INFO [GroupCoordinator 0]: Preparing to rebalance group retail_group in state PreparingRebalance with old generation 0 (__consumer_offsets-45) (reason: Adding new member rdkafka-0b1a6e27-6862-4496-9ccf-0bf1e955c2c5 with group instance id None; client reason: not provided) (kafka.coordinator.group.GroupCoordinator)
[2024-12-19 18:03:30,991] INFO [GroupCoordinator 0]: Stabilized group retail_group generation 1 (__consumer_offsets-45) with 1 members (kafka.coordinator.group.GroupCoordinator)
[2024-12-19 18:03:30,994] INFO [GroupCoordinator 0]: Assignment received from leader rdkafka-0b1a6e27-6862-4496-9ccf-0bf1e955c2c5 for group retail_group for generation 1. The group has 1 members, 0 of which are static. (kafka.coordinator.group.GroupCoordinator)
[2024-12-19 18:10:31,876] WARN [SocketServer listenerType=ZK_BROKER, nodeId=0] Unexpected error from /0:0:0:0:0:0:0:1 (channelId=0:0:0:0:0:0:0:1:9092-0:0:0:0:0:0:0:1:55965-7); closing connection (org.apache.kafka.common.network.Selector)
org.apache.kafka.common.network.InvalidReceiveException: Invalid receive (size = 1195725856 larger than 104857600)
	at org.apache.kafka.common.network.NetworkReceive.readFrom(NetworkReceive.java:94)
	at org.apache.kafka.common.network.KafkaChannel.receive(KafkaChannel.java:452)
	at org.apache.kafka.common.network.KafkaChannel.read(KafkaChannel.java:402)
	at org.apache.kafka.common.network.Selector.attemptRead(Selector.java:674)
	at org.apache.kafka.common.network.Selector.pollSelectionKeys(Selector.java:576)
	at org.apache.kafka.common.network.Selector.poll(Selector.java:481)
	at kafka.network.Processor.poll(SocketServer.scala:1107)
	at kafka.network.Processor.run(SocketServer.scala:1011)
	at java.base/java.lang.Thread.run(Thread.java:1589)
[2024-12-19 18:10:31,886] WARN [SocketServer listenerType=ZK_BROKER, nodeId=0] Unexpected error from /0:0:0:0:0:0:0:1 (channelId=0:0:0:0:0:0:0:1:9092-0:0:0:0:0:0:0:1:55977-7); closing connection (org.apache.kafka.common.network.Selector)
org.apache.kafka.common.network.InvalidReceiveException: Invalid receive (size = 1195725856 larger than 104857600)
	at org.apache.kafka.common.network.NetworkReceive.readFrom(NetworkReceive.java:94)
	at org.apache.kafka.common.network.KafkaChannel.receive(KafkaChannel.java:452)
	at org.apache.kafka.common.network.KafkaChannel.read(KafkaChannel.java:402)
	at org.apache.kafka.common.network.Selector.attemptRead(Selector.java:674)
	at org.apache.kafka.common.network.Selector.pollSelectionKeys(Selector.java:576)
	at org.apache.kafka.common.network.Selector.poll(Selector.java:481)
	at kafka.network.Processor.poll(SocketServer.scala:1107)
	at kafka.network.Processor.run(SocketServer.scala:1011)
	at java.base/java.lang.Thread.run(Thread.java:1589)
[2024-12-19 18:10:31,888] WARN [SocketServer listenerType=ZK_BROKER, nodeId=0] Unexpected error from /0:0:0:0:0:0:0:1 (channelId=0:0:0:0:0:0:0:1:9092-0:0:0:0:0:0:0:1:55978-7); closing connection (org.apache.kafka.common.network.Selector)
org.apache.kafka.common.network.InvalidReceiveException: Invalid receive (size = 1195725856 larger than 104857600)
	at org.apache.kafka.common.network.NetworkReceive.readFrom(NetworkReceive.java:94)
	at org.apache.kafka.common.network.KafkaChannel.receive(KafkaChannel.java:452)
	at org.apache.kafka.common.network.KafkaChannel.read(KafkaChannel.java:402)
	at org.apache.kafka.common.network.Selector.attemptRead(Selector.java:674)
	at org.apache.kafka.common.network.Selector.pollSelectionKeys(Selector.java:576)
	at org.apache.kafka.common.network.Selector.poll(Selector.java:481)
	at kafka.network.Processor.poll(SocketServer.scala:1107)
	at kafka.network.Processor.run(SocketServer.scala:1011)
	at java.base/java.lang.Thread.run(Thread.java:1589)
[2024-12-19 18:10:31,889] WARN [SocketServer listenerType=ZK_BROKER, nodeId=0] Unexpected error from /0:0:0:0:0:0:0:1 (channelId=0:0:0:0:0:0:0:1:9092-0:0:0:0:0:0:0:1:55979-8); closing connection (org.apache.kafka.common.network.Selector)
org.apache.kafka.common.network.InvalidReceiveException: Invalid receive (size = 1195725856 larger than 104857600)
	at org.apache.kafka.common.network.NetworkReceive.readFrom(NetworkReceive.java:94)
	at org.apache.kafka.common.network.KafkaChannel.receive(KafkaChannel.java:452)
	at org.apache.kafka.common.network.KafkaChannel.read(KafkaChannel.java:402)
	at org.apache.kafka.common.network.Selector.attemptRead(Selector.java:674)
	at org.apache.kafka.common.network.Selector.pollSelectionKeys(Selector.java:576)
	at org.apache.kafka.common.network.Selector.poll(Selector.java:481)
	at kafka.network.Processor.poll(SocketServer.scala:1107)
	at kafka.network.Processor.run(SocketServer.scala:1011)
	at java.base/java.lang.Thread.run(Thread.java:1589)
