[2024-12-19 18:01:20,020] INFO [Controller id=0 epoch=3] Sending UpdateMetadata request to brokers Set() for 0 partitions (state.change.logger)
[2024-12-19 18:01:20,022] INFO [Controller id=0 epoch=3] Sending UpdateMetadata request to brokers Set() for 0 partitions (state.change.logger)
[2024-12-19 18:01:20,022] INFO [Controller id=0 epoch=3] Sending UpdateMetadata request to brokers Set(0) for 1 partitions (state.change.logger)
[2024-12-19 18:01:20,024] INFO [Broker id=0] Add 0 partitions and deleted 1 partitions from metadata cache in response to UpdateMetadata request sent by controller 0 epoch 3 with correlation id 3 (state.change.logger)
[2024-12-19 18:01:20,035] INFO [Controller id=0 epoch=3] Partition retail_sales-0 state changed to (Leader:-1,ISR:0,LeaderRecoveryState:RECOVERED,LeaderEpoch:1,ZkVersion:1,ControllerEpoch:3) after removing replica 0 from the ISR as part of transition to OfflineReplica (state.change.logger)
[2024-12-19 18:01:20,036] INFO [Controller id=0 epoch=3] Sending UpdateMetadata request to brokers Set() for 0 partitions (state.change.logger)
[2024-12-19 18:01:20,036] INFO [Controller id=0 epoch=3] Sending StopReplica request for 1 replicas to broker 0 (state.change.logger)
[2024-12-19 18:01:20,037] INFO [Controller id=0 epoch=3] Sending UpdateMetadata request to brokers Set() for 0 partitions (state.change.logger)
[2024-12-19 18:01:20,037] INFO [Controller id=0 epoch=3] Sending StopReplica request for 1 replicas to broker 0 (state.change.logger)
[2024-12-19 18:01:20,041] INFO [Broker id=0] Handling StopReplica request correlationId 4 from controller 0 for 1 partitions (state.change.logger)
[2024-12-19 18:01:20,046] INFO [Broker id=0] Handling StopReplica request correlationId 5 from controller 0 for 1 partitions (state.change.logger)
[2024-12-19 18:01:20,063] INFO [Controller id=0 epoch=3] Sending UpdateMetadata request to brokers Set() for 0 partitions (state.change.logger)
[2024-12-19 18:01:20,065] INFO [Controller id=0 epoch=3] Sending UpdateMetadata request to brokers Set() for 0 partitions (state.change.logger)
[2024-12-19 18:01:21,802] INFO [Controller id=0 epoch=3] Sending UpdateMetadata request to brokers Set() for 0 partitions (state.change.logger)
[2024-12-19 18:01:21,802] INFO [Controller id=0 epoch=3] Sending UpdateMetadata request to brokers Set() for 0 partitions (state.change.logger)
[2024-12-19 18:01:21,802] INFO [Controller id=0 epoch=3] Sending UpdateMetadata request to brokers Set(0) for 1 partitions (state.change.logger)
[2024-12-19 18:01:21,803] INFO [Broker id=0] Add 0 partitions and deleted 1 partitions from metadata cache in response to UpdateMetadata request sent by controller 0 epoch 3 with correlation id 6 (state.change.logger)
[2024-12-19 18:01:21,807] INFO [Controller id=0 epoch=3] Partition normal_data-0 state changed to (Leader:-1,ISR:0,LeaderRecoveryState:RECOVERED,LeaderEpoch:1,ZkVersion:1,ControllerEpoch:3) after removing replica 0 from the ISR as part of transition to OfflineReplica (state.change.logger)
[2024-12-19 18:01:21,808] INFO [Controller id=0 epoch=3] Sending UpdateMetadata request to brokers Set() for 0 partitions (state.change.logger)
[2024-12-19 18:01:21,808] INFO [Controller id=0 epoch=3] Sending StopReplica request for 1 replicas to broker 0 (state.change.logger)
[2024-12-19 18:01:21,808] INFO [Controller id=0 epoch=3] Sending UpdateMetadata request to brokers Set() for 0 partitions (state.change.logger)
[2024-12-19 18:01:21,808] INFO [Controller id=0 epoch=3] Sending StopReplica request for 1 replicas to broker 0 (state.change.logger)
[2024-12-19 18:01:21,808] INFO [Broker id=0] Handling StopReplica request correlationId 7 from controller 0 for 1 partitions (state.change.logger)
[2024-12-19 18:01:21,809] INFO [Broker id=0] Handling StopReplica request correlationId 8 from controller 0 for 1 partitions (state.change.logger)
[2024-12-19 18:01:21,828] INFO [Controller id=0 epoch=3] Sending UpdateMetadata request to brokers Set() for 0 partitions (state.change.logger)
[2024-12-19 18:01:21,828] INFO [Controller id=0 epoch=3] Sending UpdateMetadata request to brokers Set() for 0 partitions (state.change.logger)
[2024-12-19 18:01:23,548] INFO [Controller id=0 epoch=3] Sending UpdateMetadata request to brokers Set() for 0 partitions (state.change.logger)
[2024-12-19 18:01:23,548] INFO [Controller id=0 epoch=3] Sending UpdateMetadata request to brokers Set() for 0 partitions (state.change.logger)
[2024-12-19 18:01:23,548] INFO [Controller id=0 epoch=3] Sending UpdateMetadata request to brokers Set(0) for 1 partitions (state.change.logger)
[2024-12-19 18:01:23,549] INFO [Broker id=0] Add 0 partitions and deleted 1 partitions from metadata cache in response to UpdateMetadata request sent by controller 0 epoch 3 with correlation id 9 (state.change.logger)
[2024-12-19 18:01:23,553] INFO [Controller id=0 epoch=3] Partition anomalies-0 state changed to (Leader:-1,ISR:0,LeaderRecoveryState:RECOVERED,LeaderEpoch:1,ZkVersion:1,ControllerEpoch:3) after removing replica 0 from the ISR as part of transition to OfflineReplica (state.change.logger)
[2024-12-19 18:01:23,553] INFO [Controller id=0 epoch=3] Sending UpdateMetadata request to brokers Set() for 0 partitions (state.change.logger)
[2024-12-19 18:01:23,553] INFO [Controller id=0 epoch=3] Sending StopReplica request for 1 replicas to broker 0 (state.change.logger)
[2024-12-19 18:01:23,553] INFO [Controller id=0 epoch=3] Sending UpdateMetadata request to brokers Set() for 0 partitions (state.change.logger)
[2024-12-19 18:01:23,553] INFO [Controller id=0 epoch=3] Sending StopReplica request for 1 replicas to broker 0 (state.change.logger)
[2024-12-19 18:01:23,554] INFO [Broker id=0] Handling StopReplica request correlationId 10 from controller 0 for 1 partitions (state.change.logger)
[2024-12-19 18:01:23,555] INFO [Broker id=0] Handling StopReplica request correlationId 11 from controller 0 for 1 partitions (state.change.logger)
[2024-12-19 18:01:23,571] INFO [Controller id=0 epoch=3] Sending UpdateMetadata request to brokers Set() for 0 partitions (state.change.logger)
[2024-12-19 18:01:23,571] INFO [Controller id=0 epoch=3] Sending UpdateMetadata request to brokers Set() for 0 partitions (state.change.logger)
[2024-12-19 18:02:28,635] INFO [Controller id=0 epoch=3] Changed partition retail_sales-0 state from NonExistentPartition to NewPartition with assigned replicas 0 (state.change.logger)
[2024-12-19 18:02:28,635] INFO [Controller id=0 epoch=3] Sending UpdateMetadata request to brokers Set() for 0 partitions (state.change.logger)
[2024-12-19 18:02:28,636] INFO [Controller id=0 epoch=3] Sending UpdateMetadata request to brokers Set() for 0 partitions (state.change.logger)
[2024-12-19 18:02:28,648] INFO [Controller id=0 epoch=3] Changed partition retail_sales-0 from NewPartition to OnlinePartition with state LeaderAndIsr(leader=0, leaderEpoch=0, isrWithBrokerEpoch=List(BrokerState(brokerId=0, brokerEpoch=-1)), leaderRecoveryState=RECOVERED, partitionEpoch=0) (state.change.logger)
[2024-12-19 18:02:28,648] INFO [Controller id=0 epoch=3] Sending LeaderAndIsr request to broker 0 with 1 become-leader and 0 become-follower partitions (state.change.logger)
[2024-12-19 18:02:28,649] INFO [Controller id=0 epoch=3] Sending UpdateMetadata request to brokers Set(0) for 1 partitions (state.change.logger)
[2024-12-19 18:02:28,649] INFO [Controller id=0 epoch=3] Sending UpdateMetadata request to brokers Set() for 0 partitions (state.change.logger)
[2024-12-19 18:02:28,649] INFO [Broker id=0] Handling LeaderAndIsr request correlationId 12 from controller 0 for 1 partitions (state.change.logger)
[2024-12-19 18:02:28,650] INFO [Broker id=0] Stopped fetchers as part of LeaderAndIsr request correlationId 12 from controller 0 epoch 3 as part of the become-leader transition for 1 partitions (state.change.logger)
[2024-12-19 18:02:28,655] INFO [Broker id=0] Leader retail_sales-0 with topic id Some(5AtRxBTlRGiRMzw97EP1ig) starts at leader epoch 0 from offset 0 with partition epoch 0, high watermark 0, ISR [0], adding replicas [] and removing replicas [] . Previous leader None and previous leader epoch was -1. (state.change.logger)
[2024-12-19 18:02:28,661] INFO [Broker id=0] Finished LeaderAndIsr request in 12ms correlationId 12 from controller 0 for 1 partitions (state.change.logger)
[2024-12-19 18:02:28,662] INFO [Broker id=0] Add 1 partitions and deleted 0 partitions from metadata cache in response to UpdateMetadata request sent by controller 0 epoch 3 with correlation id 13 (state.change.logger)
[2024-12-19 18:02:30,413] INFO [Controller id=0 epoch=3] Changed partition normal_data-0 state from NonExistentPartition to NewPartition with assigned replicas 0 (state.change.logger)
[2024-12-19 18:02:30,413] INFO [Controller id=0 epoch=3] Sending UpdateMetadata request to brokers Set() for 0 partitions (state.change.logger)
[2024-12-19 18:02:30,413] INFO [Controller id=0 epoch=3] Sending UpdateMetadata request to brokers Set() for 0 partitions (state.change.logger)
[2024-12-19 18:02:30,423] INFO [Controller id=0 epoch=3] Changed partition normal_data-0 from NewPartition to OnlinePartition with state LeaderAndIsr(leader=0, leaderEpoch=0, isrWithBrokerEpoch=List(BrokerState(brokerId=0, brokerEpoch=-1)), leaderRecoveryState=RECOVERED, partitionEpoch=0) (state.change.logger)
[2024-12-19 18:02:30,423] INFO [Controller id=0 epoch=3] Sending LeaderAndIsr request to broker 0 with 1 become-leader and 0 become-follower partitions (state.change.logger)
[2024-12-19 18:02:30,423] INFO [Controller id=0 epoch=3] Sending UpdateMetadata request to brokers Set(0) for 1 partitions (state.change.logger)
[2024-12-19 18:02:30,423] INFO [Controller id=0 epoch=3] Sending UpdateMetadata request to brokers Set() for 0 partitions (state.change.logger)
[2024-12-19 18:02:30,423] INFO [Broker id=0] Handling LeaderAndIsr request correlationId 14 from controller 0 for 1 partitions (state.change.logger)
[2024-12-19 18:02:30,423] INFO [Broker id=0] Stopped fetchers as part of LeaderAndIsr request correlationId 14 from controller 0 epoch 3 as part of the become-leader transition for 1 partitions (state.change.logger)
[2024-12-19 18:02:30,427] INFO [Broker id=0] Leader normal_data-0 with topic id Some(BKwknnuSRpOnSSR78ZchJw) starts at leader epoch 0 from offset 0 with partition epoch 0, high watermark 0, ISR [0], adding replicas [] and removing replicas [] . Previous leader None and previous leader epoch was -1. (state.change.logger)
[2024-12-19 18:02:30,432] INFO [Broker id=0] Finished LeaderAndIsr request in 9ms correlationId 14 from controller 0 for 1 partitions (state.change.logger)
[2024-12-19 18:02:30,433] INFO [Broker id=0] Add 1 partitions and deleted 0 partitions from metadata cache in response to UpdateMetadata request sent by controller 0 epoch 3 with correlation id 15 (state.change.logger)
[2024-12-19 18:02:32,182] INFO [Controller id=0 epoch=3] Changed partition anomalies-0 state from NonExistentPartition to NewPartition with assigned replicas 0 (state.change.logger)
[2024-12-19 18:02:32,182] INFO [Controller id=0 epoch=3] Sending UpdateMetadata request to brokers Set() for 0 partitions (state.change.logger)
[2024-12-19 18:02:32,182] INFO [Controller id=0 epoch=3] Sending UpdateMetadata request to brokers Set() for 0 partitions (state.change.logger)
[2024-12-19 18:02:32,190] INFO [Controller id=0 epoch=3] Changed partition anomalies-0 from NewPartition to OnlinePartition with state LeaderAndIsr(leader=0, leaderEpoch=0, isrWithBrokerEpoch=List(BrokerState(brokerId=0, brokerEpoch=-1)), leaderRecoveryState=RECOVERED, partitionEpoch=0) (state.change.logger)
[2024-12-19 18:02:32,190] INFO [Controller id=0 epoch=3] Sending LeaderAndIsr request to broker 0 with 1 become-leader and 0 become-follower partitions (state.change.logger)
[2024-12-19 18:02:32,190] INFO [Controller id=0 epoch=3] Sending UpdateMetadata request to brokers Set(0) for 1 partitions (state.change.logger)
[2024-12-19 18:02:32,191] INFO [Controller id=0 epoch=3] Sending UpdateMetadata request to brokers Set() for 0 partitions (state.change.logger)
[2024-12-19 18:02:32,191] INFO [Broker id=0] Handling LeaderAndIsr request correlationId 16 from controller 0 for 1 partitions (state.change.logger)
[2024-12-19 18:02:32,191] INFO [Broker id=0] Stopped fetchers as part of LeaderAndIsr request correlationId 16 from controller 0 epoch 3 as part of the become-leader transition for 1 partitions (state.change.logger)
[2024-12-19 18:02:32,194] INFO [Broker id=0] Leader anomalies-0 with topic id Some(hoOyQdogQeCflf-BzVtdeA) starts at leader epoch 0 from offset 0 with partition epoch 0, high watermark 0, ISR [0], adding replicas [] and removing replicas [] . Previous leader None and previous leader epoch was -1. (state.change.logger)
[2024-12-19 18:02:32,199] INFO [Broker id=0] Finished LeaderAndIsr request in 8ms correlationId 16 from controller 0 for 1 partitions (state.change.logger)
[2024-12-19 18:02:32,200] INFO [Broker id=0] Add 1 partitions and deleted 0 partitions from metadata cache in response to UpdateMetadata request sent by controller 0 epoch 3 with correlation id 17 (state.change.logger)
