[2024-12-19 00:16:21,627] INFO [ControllerEventThread controllerId=0] Starting (kafka.controller.ControllerEventManager$ControllerEventThread)
[2024-12-19 00:16:21,643] INFO [Controller id=0] 0 successfully elected as the controller. Epoch incremented to 2 and epoch zk version is now 2 (kafka.controller.KafkaController)
[2024-12-19 00:16:21,644] INFO [Controller id=0] Registering handlers (kafka.controller.KafkaController)
[2024-12-19 00:16:21,648] INFO [Controller id=0] Deleting log dir event notifications (kafka.controller.KafkaController)
[2024-12-19 00:16:21,650] INFO [Controller id=0] Deleting isr change notifications (kafka.controller.KafkaController)
[2024-12-19 00:16:21,651] INFO [Controller id=0] Initializing controller context (kafka.controller.KafkaController)
[2024-12-19 00:16:21,661] INFO [Controller id=0] Initialized broker epochs cache: Map(0 -> 173) (kafka.controller.KafkaController)
[2024-12-19 00:16:21,672] DEBUG [Controller id=0] Register BrokerModifications handler for Set(0) (kafka.controller.KafkaController)
[2024-12-19 00:16:21,704] DEBUG [Channel manager on controller 0]: Controller 0 trying to connect to broker 0 (kafka.controller.ControllerChannelManager)
[2024-12-19 00:16:21,717] INFO [RequestSendThread controllerId=0] Starting (kafka.controller.RequestSendThread)
[2024-12-19 00:16:21,717] INFO [Controller id=0] Currently active brokers in the cluster: Set(0) (kafka.controller.KafkaController)
[2024-12-19 00:16:21,717] INFO [Controller id=0] Currently shutting brokers in the cluster: Set() (kafka.controller.KafkaController)
[2024-12-19 00:16:21,717] INFO [Controller id=0] Current list of topics in the cluster: Set(__consumer_offsets, retail_sales) (kafka.controller.KafkaController)
[2024-12-19 00:16:21,718] INFO [Controller id=0] Fetching topic deletions in progress (kafka.controller.KafkaController)
[2024-12-19 00:16:21,728] INFO [Controller id=0] List of topics to be deleted:  (kafka.controller.KafkaController)
[2024-12-19 00:16:21,728] INFO [Controller id=0] List of topics ineligible for deletion:  (kafka.controller.KafkaController)
[2024-12-19 00:16:21,728] INFO [Controller id=0] Initializing topic deletion manager (kafka.controller.KafkaController)
[2024-12-19 00:16:21,728] INFO [Topic Deletion Manager 0] Initializing manager with initial deletions: Set(), initial ineligible deletions: Set() (kafka.controller.TopicDeletionManager)
[2024-12-19 00:16:21,729] INFO [Controller id=0] Sending update metadata request (kafka.controller.KafkaController)
[2024-12-19 00:16:21,749] INFO [ReplicaStateMachine controllerId=0] Initializing replica state (kafka.controller.ZkReplicaStateMachine)
[2024-12-19 00:16:21,753] INFO [ReplicaStateMachine controllerId=0] Triggering online replica state changes (kafka.controller.ZkReplicaStateMachine)
[2024-12-19 00:16:21,757] WARN [RequestSendThread controllerId=0] Controller 0's connection to broker mac.home:9092 (id: 0 rack: null) was unsuccessful (kafka.controller.RequestSendThread)
java.io.IOException: Connection to mac.home:9092 (id: 0 rack: null) failed.
	at org.apache.kafka.clients.NetworkClientUtils.awaitReady(NetworkClientUtils.java:70)
	at kafka.controller.RequestSendThread.brokerReady(ControllerChannelManager.scala:298)
	at kafka.controller.RequestSendThread.doWork(ControllerChannelManager.scala:251)
	at org.apache.kafka.server.util.ShutdownableThread.run(ShutdownableThread.java:130)
[2024-12-19 00:16:21,792] INFO [ReplicaStateMachine controllerId=0] Triggering offline replica state changes (kafka.controller.ZkReplicaStateMachine)
[2024-12-19 00:16:21,793] DEBUG [ReplicaStateMachine controllerId=0] Started replica state machine with initial state -> Map([Topic=__consumer_offsets,Partition=21,Replica=0] -> OnlineReplica, [Topic=__consumer_offsets,Partition=42,Replica=0] -> OnlineReplica, [Topic=__consumer_offsets,Partition=46,Replica=0] -> OnlineReplica, [Topic=__consumer_offsets,Partition=39,Replica=0] -> OnlineReplica, [Topic=__consumer_offsets,Partition=7,Replica=0] -> OnlineReplica, [Topic=__consumer_offsets,Partition=13,Replica=0] -> OnlineReplica, [Topic=__consumer_offsets,Partition=49,Replica=0] -> OnlineReplica, [Topic=__consumer_offsets,Partition=48,Replica=0] -> OnlineReplica, [Topic=__consumer_offsets,Partition=15,Replica=0] -> OnlineReplica, [Topic=__consumer_offsets,Partition=38,Replica=0] -> OnlineReplica, [Topic=__consumer_offsets,Partition=2,Replica=0] -> OnlineReplica, [Topic=__consumer_offsets,Partition=28,Replica=0] -> OnlineReplica, [Topic=__consumer_offsets,Partition=23,Replica=0] -> OnlineReplica, [Topic=__consumer_offsets,Partition=32,Replica=0] -> OnlineReplica, [Topic=__consumer_offsets,Partition=10,Replica=0] -> OnlineReplica, [Topic=__consumer_offsets,Partition=18,Replica=0] -> OnlineReplica, [Topic=__consumer_offsets,Partition=33,Replica=0] -> OnlineReplica, [Topic=__consumer_offsets,Partition=5,Replica=0] -> OnlineReplica, [Topic=__consumer_offsets,Partition=17,Replica=0] -> OnlineReplica, [Topic=__consumer_offsets,Partition=8,Replica=0] -> OnlineReplica, [Topic=__consumer_offsets,Partition=19,Replica=0] -> OnlineReplica, [Topic=__consumer_offsets,Partition=37,Replica=0] -> OnlineReplica, [Topic=__consumer_offsets,Partition=43,Replica=0] -> OnlineReplica, [Topic=__consumer_offsets,Partition=6,Replica=0] -> OnlineReplica, [Topic=retail_sales,Partition=0,Replica=0] -> OnlineReplica, [Topic=__consumer_offsets,Partition=9,Replica=0] -> OnlineReplica, [Topic=__consumer_offsets,Partition=3,Replica=0] -> OnlineReplica, [Topic=__consumer_offsets,Partition=30,Replica=0] -> OnlineReplica, [Topic=__consumer_offsets,Partition=25,Replica=0] -> OnlineReplica, [Topic=__consumer_offsets,Partition=47,Replica=0] -> OnlineReplica, [Topic=__consumer_offsets,Partition=36,Replica=0] -> OnlineReplica, [Topic=__consumer_offsets,Partition=11,Replica=0] -> OnlineReplica, [Topic=__consumer_offsets,Partition=34,Replica=0] -> OnlineReplica, [Topic=__consumer_offsets,Partition=27,Replica=0] -> OnlineReplica, [Topic=__consumer_offsets,Partition=12,Replica=0] -> OnlineReplica, [Topic=__consumer_offsets,Partition=44,Replica=0] -> OnlineReplica, [Topic=__consumer_offsets,Partition=1,Replica=0] -> OnlineReplica, [Topic=__consumer_offsets,Partition=45,Replica=0] -> OnlineReplica, [Topic=__consumer_offsets,Partition=24,Replica=0] -> OnlineReplica, [Topic=__consumer_offsets,Partition=22,Replica=0] -> OnlineReplica, [Topic=__consumer_offsets,Partition=0,Replica=0] -> OnlineReplica, [Topic=__consumer_offsets,Partition=31,Replica=0] -> OnlineReplica, [Topic=__consumer_offsets,Partition=14,Replica=0] -> OnlineReplica, [Topic=__consumer_offsets,Partition=40,Replica=0] -> OnlineReplica, [Topic=__consumer_offsets,Partition=4,Replica=0] -> OnlineReplica, [Topic=__consumer_offsets,Partition=20,Replica=0] -> OnlineReplica, [Topic=__consumer_offsets,Partition=41,Replica=0] -> OnlineReplica, [Topic=__consumer_offsets,Partition=26,Replica=0] -> OnlineReplica, [Topic=__consumer_offsets,Partition=29,Replica=0] -> OnlineReplica, [Topic=__consumer_offsets,Partition=16,Replica=0] -> OnlineReplica, [Topic=__consumer_offsets,Partition=35,Replica=0] -> OnlineReplica) (kafka.controller.ZkReplicaStateMachine)
[2024-12-19 00:16:21,793] INFO [PartitionStateMachine controllerId=0] Initializing partition state (kafka.controller.ZkPartitionStateMachine)
[2024-12-19 00:16:21,800] INFO [PartitionStateMachine controllerId=0] Triggering online partition state changes (kafka.controller.ZkPartitionStateMachine)
[2024-12-19 00:16:21,803] DEBUG [PartitionStateMachine controllerId=0] Started partition state machine with initial state -> Map(__consumer_offsets-49 -> OnlinePartition, __consumer_offsets-38 -> OnlinePartition, __consumer_offsets-16 -> OnlinePartition, __consumer_offsets-27 -> OnlinePartition, __consumer_offsets-8 -> OnlinePartition, __consumer_offsets-19 -> OnlinePartition, __consumer_offsets-13 -> OnlinePartition, __consumer_offsets-2 -> OnlinePartition, __consumer_offsets-46 -> OnlinePartition, __consumer_offsets-35 -> OnlinePartition, __consumer_offsets-24 -> OnlinePartition, __consumer_offsets-5 -> OnlinePartition, __consumer_offsets-43 -> OnlinePartition, __consumer_offsets-32 -> OnlinePartition, __consumer_offsets-21 -> OnlinePartition, __consumer_offsets-10 -> OnlinePartition, __consumer_offsets-37 -> OnlinePartition, __consumer_offsets-48 -> OnlinePartition, __consumer_offsets-40 -> OnlinePartition, __consumer_offsets-18 -> OnlinePartition, __consumer_offsets-29 -> OnlinePartition, __consumer_offsets-7 -> OnlinePartition, __consumer_offsets-23 -> OnlinePartition, __consumer_offsets-45 -> OnlinePartition, __consumer_offsets-34 -> OnlinePartition, __consumer_offsets-26 -> OnlinePartition, __consumer_offsets-15 -> OnlinePartition, __consumer_offsets-4 -> OnlinePartition, __consumer_offsets-42 -> OnlinePartition, __consumer_offsets-31 -> OnlinePartition, __consumer_offsets-9 -> OnlinePartition, __consumer_offsets-20 -> OnlinePartition, __consumer_offsets-12 -> OnlinePartition, __consumer_offsets-1 -> OnlinePartition, __consumer_offsets-28 -> OnlinePartition, __consumer_offsets-17 -> OnlinePartition, __consumer_offsets-6 -> OnlinePartition, __consumer_offsets-39 -> OnlinePartition, retail_sales-0 -> OnlinePartition, __consumer_offsets-44 -> OnlinePartition, __consumer_offsets-36 -> OnlinePartition, __consumer_offsets-47 -> OnlinePartition, __consumer_offsets-3 -> OnlinePartition, __consumer_offsets-25 -> OnlinePartition, __consumer_offsets-14 -> OnlinePartition, __consumer_offsets-30 -> OnlinePartition, __consumer_offsets-41 -> OnlinePartition, __consumer_offsets-22 -> OnlinePartition, __consumer_offsets-33 -> OnlinePartition, __consumer_offsets-11 -> OnlinePartition, __consumer_offsets-0 -> OnlinePartition) (kafka.controller.ZkPartitionStateMachine)
[2024-12-19 00:16:21,803] INFO [Controller id=0] Ready to serve as the new controller with epoch 2 (kafka.controller.KafkaController)
[2024-12-19 00:16:21,811] INFO [Controller id=0] Partitions undergoing preferred replica election:  (kafka.controller.KafkaController)
[2024-12-19 00:16:21,812] INFO [Controller id=0] Partitions that completed preferred replica election:  (kafka.controller.KafkaController)
[2024-12-19 00:16:21,812] INFO [Controller id=0] Skipping preferred replica election for partitions due to topic deletion:  (kafka.controller.KafkaController)
[2024-12-19 00:16:21,812] INFO [Controller id=0] Resuming preferred replica election for partitions:  (kafka.controller.KafkaController)
[2024-12-19 00:16:21,814] INFO [Controller id=0] Starting replica leader election (PREFERRED) for partitions  triggered by ZkTriggered (kafka.controller.KafkaController)
[2024-12-19 00:16:21,837] INFO [Controller id=0] Starting the controller scheduler (kafka.controller.KafkaController)
[2024-12-19 00:16:21,881] INFO [RequestSendThread controllerId=0] Controller 0 connected to mac.home:9092 (id: 0 rack: null) for sending state change requests (kafka.controller.RequestSendThread)
[2024-12-19 00:16:26,843] INFO [Controller id=0] Processing automatic preferred replica leader election (kafka.controller.KafkaController)
[2024-12-19 00:16:26,844] TRACE [Controller id=0] Checking need to trigger auto leader balancing (kafka.controller.KafkaController)
[2024-12-19 00:16:26,846] DEBUG [Controller id=0] Topics not in preferred replica for broker 0 Map() (kafka.controller.KafkaController)
[2024-12-19 00:16:26,847] TRACE [Controller id=0] Leader imbalance ratio for broker 0 is 0.0 (kafka.controller.KafkaController)
[2024-12-19 00:18:08,976] INFO [Controller id=0] New topics: [Set(normal_data)], deleted topics: [Set()], new partition replica assignment [Set(TopicIdReplicaAssignment(normal_data,Some(oUFA2FH8SZKSUKgveATDyQ),Map(normal_data-0 -> ReplicaAssignment(replicas=0, addingReplicas=, removingReplicas=))))] (kafka.controller.KafkaController)
[2024-12-19 00:18:08,977] INFO [Controller id=0] New partition creation callback for normal_data-0 (kafka.controller.KafkaController)
[2024-12-19 00:18:10,766] INFO [Controller id=0] New topics: [Set(anomalies)], deleted topics: [Set()], new partition replica assignment [Set(TopicIdReplicaAssignment(anomalies,Some(oLidyrvWQTC4MmGX2zAUgA),Map(anomalies-0 -> ReplicaAssignment(replicas=0, addingReplicas=, removingReplicas=))))] (kafka.controller.KafkaController)
[2024-12-19 00:18:10,766] INFO [Controller id=0] New partition creation callback for anomalies-0 (kafka.controller.KafkaController)
[2024-12-19 00:18:47,462] DEBUG [Controller id=0] Delete topics listener fired for topics retail_sales to be deleted (kafka.controller.KafkaController)
[2024-12-19 00:18:47,462] INFO [Controller id=0] Starting topic deletion for topics retail_sales (kafka.controller.KafkaController)
[2024-12-19 00:18:47,464] INFO [Topic Deletion Manager 0] Handling deletion for topics retail_sales (kafka.controller.TopicDeletionManager)
[2024-12-19 00:18:47,464] INFO [Topic Deletion Manager 0] Deletion of topic retail_sales (re)started (kafka.controller.TopicDeletionManager)
[2024-12-19 00:18:47,511] DEBUG [Controller id=0] Delete topic callback invoked on StopReplica response received from broker 0: request error = NONE, partition errors = Map(retail_sales-0 -> NONE) (kafka.controller.KafkaController)
[2024-12-19 00:18:47,512] DEBUG [Topic Deletion Manager 0] Deletion successfully completed for replicas [Topic=retail_sales,Partition=0,Replica=0] (kafka.controller.TopicDeletionManager)
[2024-12-19 00:18:47,512] INFO [Topic Deletion Manager 0] Handling deletion for topics retail_sales (kafka.controller.TopicDeletionManager)
[2024-12-19 00:18:47,542] INFO [Topic Deletion Manager 0] Deletion of topic retail_sales successfully completed (kafka.controller.TopicDeletionManager)
[2024-12-19 00:18:47,542] INFO [Controller id=0] New topics: [Set()], deleted topics: [Set()], new partition replica assignment [Set()] (kafka.controller.KafkaController)
[2024-12-19 00:18:47,543] DEBUG [Controller id=0] Delete topics listener fired for topics  to be deleted (kafka.controller.KafkaController)
[2024-12-19 00:18:54,896] DEBUG [Controller id=0] Delete topics listener fired for topics normal_data to be deleted (kafka.controller.KafkaController)
[2024-12-19 00:18:54,896] INFO [Controller id=0] Starting topic deletion for topics normal_data (kafka.controller.KafkaController)
[2024-12-19 00:18:54,896] INFO [Topic Deletion Manager 0] Handling deletion for topics normal_data (kafka.controller.TopicDeletionManager)
[2024-12-19 00:18:54,897] INFO [Topic Deletion Manager 0] Deletion of topic normal_data (re)started (kafka.controller.TopicDeletionManager)
[2024-12-19 00:18:54,921] DEBUG [Controller id=0] Delete topic callback invoked on StopReplica response received from broker 0: request error = NONE, partition errors = Map(normal_data-0 -> NONE) (kafka.controller.KafkaController)
[2024-12-19 00:18:54,921] DEBUG [Topic Deletion Manager 0] Deletion successfully completed for replicas [Topic=normal_data,Partition=0,Replica=0] (kafka.controller.TopicDeletionManager)
[2024-12-19 00:18:54,921] INFO [Topic Deletion Manager 0] Handling deletion for topics normal_data (kafka.controller.TopicDeletionManager)
[2024-12-19 00:18:54,942] INFO [Topic Deletion Manager 0] Deletion of topic normal_data successfully completed (kafka.controller.TopicDeletionManager)
[2024-12-19 00:18:54,942] INFO [Controller id=0] New topics: [Set()], deleted topics: [Set()], new partition replica assignment [Set()] (kafka.controller.KafkaController)
[2024-12-19 00:18:54,943] DEBUG [Controller id=0] Delete topics listener fired for topics  to be deleted (kafka.controller.KafkaController)
[2024-12-19 00:19:02,540] DEBUG [Controller id=0] Delete topics listener fired for topics anomalies to be deleted (kafka.controller.KafkaController)
[2024-12-19 00:19:02,543] INFO [Controller id=0] Starting topic deletion for topics anomalies (kafka.controller.KafkaController)
[2024-12-19 00:19:02,543] INFO [Topic Deletion Manager 0] Handling deletion for topics anomalies (kafka.controller.TopicDeletionManager)
[2024-12-19 00:19:02,543] INFO [Topic Deletion Manager 0] Deletion of topic anomalies (re)started (kafka.controller.TopicDeletionManager)
[2024-12-19 00:19:02,567] DEBUG [Controller id=0] Delete topic callback invoked on StopReplica response received from broker 0: request error = NONE, partition errors = Map(anomalies-0 -> NONE) (kafka.controller.KafkaController)
[2024-12-19 00:19:02,567] DEBUG [Topic Deletion Manager 0] Deletion successfully completed for replicas [Topic=anomalies,Partition=0,Replica=0] (kafka.controller.TopicDeletionManager)
[2024-12-19 00:19:02,568] INFO [Topic Deletion Manager 0] Handling deletion for topics anomalies (kafka.controller.TopicDeletionManager)
[2024-12-19 00:19:02,591] INFO [Topic Deletion Manager 0] Deletion of topic anomalies successfully completed (kafka.controller.TopicDeletionManager)
[2024-12-19 00:19:02,592] INFO [Controller id=0] New topics: [Set()], deleted topics: [Set()], new partition replica assignment [Set()] (kafka.controller.KafkaController)
[2024-12-19 00:19:02,592] DEBUG [Controller id=0] Delete topics listener fired for topics  to be deleted (kafka.controller.KafkaController)
[2024-12-19 00:19:31,996] INFO [Controller id=0] New topics: [Set(retail_sales)], deleted topics: [Set()], new partition replica assignment [Set(TopicIdReplicaAssignment(retail_sales,Some(vTMsrJFLRiSgZEnnuEU6vw),Map(retail_sales-0 -> ReplicaAssignment(replicas=0, addingReplicas=, removingReplicas=))))] (kafka.controller.KafkaController)
[2024-12-19 00:19:31,996] INFO [Controller id=0] New partition creation callback for retail_sales-0 (kafka.controller.KafkaController)
[2024-12-19 00:19:33,806] INFO [Controller id=0] New topics: [Set(normal_data)], deleted topics: [Set()], new partition replica assignment [Set(TopicIdReplicaAssignment(normal_data,Some(vWXDPlUGQHWjSHH-LwJwew),Map(normal_data-0 -> ReplicaAssignment(replicas=0, addingReplicas=, removingReplicas=))))] (kafka.controller.KafkaController)
[2024-12-19 00:19:33,806] INFO [Controller id=0] New partition creation callback for normal_data-0 (kafka.controller.KafkaController)
[2024-12-19 00:19:35,577] INFO [Controller id=0] New topics: [Set(anomalies)], deleted topics: [Set()], new partition replica assignment [Set(TopicIdReplicaAssignment(anomalies,Some(4eGPJMpdQMeH-DmUFUTrIg),Map(anomalies-0 -> ReplicaAssignment(replicas=0, addingReplicas=, removingReplicas=))))] (kafka.controller.KafkaController)
[2024-12-19 00:19:35,578] INFO [Controller id=0] New partition creation callback for anomalies-0 (kafka.controller.KafkaController)
[2024-12-19 00:21:26,844] INFO [Controller id=0] Processing automatic preferred replica leader election (kafka.controller.KafkaController)
[2024-12-19 00:21:26,844] TRACE [Controller id=0] Checking need to trigger auto leader balancing (kafka.controller.KafkaController)
[2024-12-19 00:21:26,846] DEBUG [Controller id=0] Topics not in preferred replica for broker 0 Map() (kafka.controller.KafkaController)
[2024-12-19 00:21:26,846] TRACE [Controller id=0] Leader imbalance ratio for broker 0 is 0.0 (kafka.controller.KafkaController)
[2024-12-19 00:26:26,848] INFO [Controller id=0] Processing automatic preferred replica leader election (kafka.controller.KafkaController)
[2024-12-19 00:26:26,849] TRACE [Controller id=0] Checking need to trigger auto leader balancing (kafka.controller.KafkaController)
[2024-12-19 00:26:26,853] DEBUG [Controller id=0] Topics not in preferred replica for broker 0 Map() (kafka.controller.KafkaController)
[2024-12-19 00:26:26,853] TRACE [Controller id=0] Leader imbalance ratio for broker 0 is 0.0 (kafka.controller.KafkaController)
[2024-12-19 00:31:26,855] INFO [Controller id=0] Processing automatic preferred replica leader election (kafka.controller.KafkaController)
[2024-12-19 00:31:26,859] TRACE [Controller id=0] Checking need to trigger auto leader balancing (kafka.controller.KafkaController)
[2024-12-19 00:31:26,863] DEBUG [Controller id=0] Topics not in preferred replica for broker 0 Map() (kafka.controller.KafkaController)
[2024-12-19 00:31:26,863] TRACE [Controller id=0] Leader imbalance ratio for broker 0 is 0.0 (kafka.controller.KafkaController)
[2024-12-19 00:36:26,865] INFO [Controller id=0] Processing automatic preferred replica leader election (kafka.controller.KafkaController)
[2024-12-19 00:36:26,867] TRACE [Controller id=0] Checking need to trigger auto leader balancing (kafka.controller.KafkaController)
[2024-12-19 00:36:26,869] DEBUG [Controller id=0] Topics not in preferred replica for broker 0 Map() (kafka.controller.KafkaController)
[2024-12-19 00:36:26,869] TRACE [Controller id=0] Leader imbalance ratio for broker 0 is 0.0 (kafka.controller.KafkaController)
[2024-12-19 00:41:26,944] INFO [Controller id=0] Processing automatic preferred replica leader election (kafka.controller.KafkaController)
[2024-12-19 00:41:26,945] TRACE [Controller id=0] Checking need to trigger auto leader balancing (kafka.controller.KafkaController)
[2024-12-19 00:41:26,951] DEBUG [Controller id=0] Topics not in preferred replica for broker 0 Map() (kafka.controller.KafkaController)
[2024-12-19 00:41:26,951] TRACE [Controller id=0] Leader imbalance ratio for broker 0 is 0.0 (kafka.controller.KafkaController)
