[2024-12-17T11:17:48.985+0300][gc,init] CardTable entry size: 512
[2024-12-17T11:17:48.985+0300][gc     ] Using G1
[2024-12-17T11:17:48.987+0300][gc,init] Version: 19.0.2+7-44 (release)
[2024-12-17T11:17:48.987+0300][gc,init] CPUs: 8 total, 8 available
[2024-12-17T11:17:48.987+0300][gc,init] Memory: 8192M
[2024-12-17T11:17:48.987+0300][gc,init] Large Page Support: Disabled
[2024-12-17T11:17:48.987+0300][gc,init] NUMA Support: Disabled
[2024-12-17T11:17:48.987+0300][gc,init] Compressed Oops: Enabled (Zero based)
[2024-12-17T11:17:48.987+0300][gc,init] Heap Region Size: 1M
[2024-12-17T11:17:48.987+0300][gc,init] Heap Min Capacity: 1G
[2024-12-17T11:17:48.987+0300][gc,init] Heap Initial Capacity: 1G
[2024-12-17T11:17:48.987+0300][gc,init] Heap Max Capacity: 1G
[2024-12-17T11:17:48.987+0300][gc,init] Pre-touch: Disabled
[2024-12-17T11:17:48.987+0300][gc,init] Parallel Workers: 8
[2024-12-17T11:17:48.987+0300][gc,init] Concurrent Workers: 2
[2024-12-17T11:17:48.987+0300][gc,init] Concurrent Refinement Workers: 8
[2024-12-17T11:17:48.987+0300][gc,init] Periodic GC: Disabled
[2024-12-17T11:17:48.987+0300][gc,metaspace] CDS archive(s) mapped at: [0x0000000800000000-0x0000000800c48000-0x0000000800c48000), size 12877824, SharedBaseAddress: 0x0000000800000000, ArchiveRelocationMode: 0.
[2024-12-17T11:17:48.987+0300][gc,metaspace] Compressed class space mapped at: 0x0000000801000000-0x0000000841000000, reserved size: 1073741824
[2024-12-17T11:17:48.987+0300][gc,metaspace] Narrow klass base: 0x0000000800000000, Narrow klass shift: 0, Narrow klass range: 0x100000000
[2024-12-17T11:17:49.897+0300][gc,start    ] GC(0) Pause Young (Normal) (G1 Evacuation Pause)
[2024-12-17T11:17:49.897+0300][gc,task     ] GC(0) Using 8 workers of 8 for evacuation
[2024-12-17T11:17:49.900+0300][gc,phases   ] GC(0)   Pre Evacuate Collection Set: 0.1ms
[2024-12-17T11:17:49.900+0300][gc,phases   ] GC(0)   Merge Heap Roots: 0.0ms
[2024-12-17T11:17:49.900+0300][gc,phases   ] GC(0)   Evacuate Collection Set: 2.2ms
[2024-12-17T11:17:49.900+0300][gc,phases   ] GC(0)   Post Evacuate Collection Set: 0.4ms
[2024-12-17T11:17:49.900+0300][gc,phases   ] GC(0)   Other: 0.3ms
[2024-12-17T11:17:49.900+0300][gc,heap     ] GC(0) Eden regions: 51->0(44)
[2024-12-17T11:17:49.900+0300][gc,heap     ] GC(0) Survivor regions: 0->7(7)
[2024-12-17T11:17:49.900+0300][gc,heap     ] GC(0) Old regions: 0->1
[2024-12-17T11:17:49.900+0300][gc,heap     ] GC(0) Archive regions: 2->2
[2024-12-17T11:17:49.900+0300][gc,heap     ] GC(0) Humongous regions: 0->0
[2024-12-17T11:17:49.900+0300][gc,metaspace] GC(0) Metaspace: 18642K(18880K)->18642K(18880K) NonClass: 16347K(16448K)->16347K(16448K) Class: 2294K(2432K)->2294K(2432K)
[2024-12-17T11:17:49.900+0300][gc          ] GC(0) Pause Young (Normal) (G1 Evacuation Pause) 51M->8M(1024M) 3.451ms
[2024-12-17T11:17:49.900+0300][gc,cpu      ] GC(0) User=0.02s Sys=0.00s Real=0.01s
[2024-12-17T11:17:50.036+0300][gc,start    ] GC(1) Pause Young (Concurrent Start) (Metadata GC Threshold)
[2024-12-17T11:17:50.036+0300][gc,task     ] GC(1) Using 8 workers of 8 for evacuation
[2024-12-17T11:17:50.040+0300][gc,phases   ] GC(1)   Pre Evacuate Collection Set: 0.2ms
[2024-12-17T11:17:50.040+0300][gc,phases   ] GC(1)   Merge Heap Roots: 0.0ms
[2024-12-17T11:17:50.040+0300][gc,phases   ] GC(1)   Evacuate Collection Set: 2.7ms
[2024-12-17T11:17:50.040+0300][gc,phases   ] GC(1)   Post Evacuate Collection Set: 0.3ms
[2024-12-17T11:17:50.040+0300][gc,phases   ] GC(1)   Other: 0.0ms
[2024-12-17T11:17:50.040+0300][gc,heap     ] GC(1) Eden regions: 10->0(50)
[2024-12-17T11:17:50.040+0300][gc,heap     ] GC(1) Survivor regions: 7->1(7)
[2024-12-17T11:17:50.040+0300][gc,heap     ] GC(1) Old regions: 1->8
[2024-12-17T11:17:50.040+0300][gc,heap     ] GC(1) Archive regions: 2->2
[2024-12-17T11:17:50.040+0300][gc,heap     ] GC(1) Humongous regions: 0->0
[2024-12-17T11:17:50.040+0300][gc,metaspace] GC(1) Metaspace: 21278K(21504K)->21278K(21504K) NonClass: 18572K(18688K)->18572K(18688K) Class: 2706K(2816K)->2706K(2816K)
[2024-12-17T11:17:50.040+0300][gc          ] GC(1) Pause Young (Concurrent Start) (Metadata GC Threshold) 18M->9M(1024M) 3.499ms
[2024-12-17T11:17:50.040+0300][gc,cpu      ] GC(1) User=0.02s Sys=0.01s Real=0.01s
[2024-12-17T11:17:50.040+0300][gc          ] GC(2) Concurrent Mark Cycle
[2024-12-17T11:17:50.040+0300][gc,marking  ] GC(2) Concurrent Clear Claimed Marks
[2024-12-17T11:17:50.040+0300][gc,marking  ] GC(2) Concurrent Clear Claimed Marks 0.027ms
[2024-12-17T11:17:50.040+0300][gc,marking  ] GC(2) Concurrent Scan Root Regions
[2024-12-17T11:17:50.042+0300][gc,marking  ] GC(2) Concurrent Scan Root Regions 1.590ms
[2024-12-17T11:17:50.042+0300][gc,marking  ] GC(2) Concurrent Mark
[2024-12-17T11:17:50.042+0300][gc,marking  ] GC(2) Concurrent Mark From Roots
[2024-12-17T11:17:50.042+0300][gc,task     ] GC(2) Using 2 workers of 2 for marking
[2024-12-17T11:17:50.043+0300][gc,marking  ] GC(2) Concurrent Mark From Roots 1.545ms
[2024-12-17T11:17:50.043+0300][gc,marking  ] GC(2) Concurrent Preclean
[2024-12-17T11:17:50.043+0300][gc,marking  ] GC(2) Concurrent Preclean 0.010ms
[2024-12-17T11:17:50.043+0300][gc,start    ] GC(2) Pause Remark
[2024-12-17T11:17:50.044+0300][gc          ] GC(2) Pause Remark 10M->10M(1024M) 0.891ms
[2024-12-17T11:17:50.044+0300][gc,cpu      ] GC(2) User=0.00s Sys=0.00s Real=0.00s
[2024-12-17T11:17:50.044+0300][gc,marking  ] GC(2) Concurrent Mark 2.607ms
[2024-12-17T11:17:50.044+0300][gc,marking  ] GC(2) Concurrent Rebuild Remembered Sets
[2024-12-17T11:17:50.046+0300][gc,marking  ] GC(2) Concurrent Rebuild Remembered Sets 2.199ms
[2024-12-17T11:17:50.047+0300][gc,start    ] GC(2) Pause Cleanup
[2024-12-17T11:17:50.047+0300][gc          ] GC(2) Pause Cleanup 10M->10M(1024M) 0.069ms
[2024-12-17T11:17:50.047+0300][gc,cpu      ] GC(2) User=0.01s Sys=0.00s Real=0.00s
[2024-12-17T11:17:50.047+0300][gc,marking  ] GC(2) Concurrent Cleanup for Next Mark
[2024-12-17T11:17:50.048+0300][gc,marking  ] GC(2) Concurrent Cleanup for Next Mark 1.755ms
[2024-12-17T11:17:50.048+0300][gc          ] GC(2) Concurrent Mark Cycle 8.467ms
[2024-12-17T11:17:50.519+0300][gc,start    ] GC(3) Pause Young (Normal) (G1 Evacuation Pause)
[2024-12-17T11:17:50.519+0300][gc,task     ] GC(3) Using 8 workers of 8 for evacuation
[2024-12-17T11:17:50.522+0300][gc,phases   ] GC(3)   Pre Evacuate Collection Set: 0.1ms
[2024-12-17T11:17:50.522+0300][gc,phases   ] GC(3)   Merge Heap Roots: 0.0ms
[2024-12-17T11:17:50.522+0300][gc,phases   ] GC(3)   Evacuate Collection Set: 3.2ms
[2024-12-17T11:17:50.523+0300][gc,phases   ] GC(3)   Post Evacuate Collection Set: 0.3ms
[2024-12-17T11:17:50.523+0300][gc,phases   ] GC(3)   Other: 0.0ms
[2024-12-17T11:17:50.523+0300][gc,heap     ] GC(3) Eden regions: 50->0(44)
[2024-12-17T11:17:50.523+0300][gc,heap     ] GC(3) Survivor regions: 1->7(7)
[2024-12-17T11:17:50.523+0300][gc,heap     ] GC(3) Old regions: 8->8
[2024-12-17T11:17:50.523+0300][gc,heap     ] GC(3) Archive regions: 2->2
[2024-12-17T11:17:50.523+0300][gc,heap     ] GC(3) Humongous regions: 129->129
[2024-12-17T11:17:50.523+0300][gc,metaspace] GC(3) Metaspace: 33184K(33472K)->33184K(33472K) NonClass: 29328K(29504K)->29328K(29504K) Class: 3855K(3968K)->3855K(3968K)
[2024-12-17T11:17:50.523+0300][gc          ] GC(3) Pause Young (Normal) (G1 Evacuation Pause) 188M->143M(1024M) 3.902ms
[2024-12-17T11:17:50.523+0300][gc,cpu      ] GC(3) User=0.02s Sys=0.00s Real=0.01s
[2024-12-17T11:17:50.694+0300][gc,start    ] GC(4) Pause Young (Concurrent Start) (Metadata GC Threshold)
[2024-12-17T11:17:50.694+0300][gc,task     ] GC(4) Using 8 workers of 8 for evacuation
[2024-12-17T11:17:50.697+0300][gc,phases   ] GC(4)   Pre Evacuate Collection Set: 0.2ms
[2024-12-17T11:17:50.697+0300][gc,phases   ] GC(4)   Merge Heap Roots: 0.0ms
[2024-12-17T11:17:50.697+0300][gc,phases   ] GC(4)   Evacuate Collection Set: 2.4ms
[2024-12-17T11:17:50.697+0300][gc,phases   ] GC(4)   Post Evacuate Collection Set: 0.3ms
[2024-12-17T11:17:50.697+0300][gc,phases   ] GC(4)   Other: 0.0ms
[2024-12-17T11:17:50.697+0300][gc,heap     ] GC(4) Eden regions: 12->0(49)
[2024-12-17T11:17:50.697+0300][gc,heap     ] GC(4) Survivor regions: 7->2(7)
[2024-12-17T11:17:50.697+0300][gc,heap     ] GC(4) Old regions: 8->14
[2024-12-17T11:17:50.697+0300][gc,heap     ] GC(4) Archive regions: 2->2
[2024-12-17T11:17:50.697+0300][gc,heap     ] GC(4) Humongous regions: 129->129
[2024-12-17T11:17:50.697+0300][gc,metaspace] GC(4) Metaspace: 35722K(35968K)->35722K(35968K) NonClass: 31502K(31616K)->31502K(31616K) Class: 4220K(4352K)->4220K(4352K)
[2024-12-17T11:17:50.697+0300][gc          ] GC(4) Pause Young (Concurrent Start) (Metadata GC Threshold) 154M->144M(1024M) 3.119ms
[2024-12-17T11:17:50.697+0300][gc          ] GC(5) Concurrent Mark Cycle
[2024-12-17T11:17:50.697+0300][gc,cpu      ] GC(4) User=0.02s Sys=0.00s Real=0.00s
[2024-12-17T11:17:50.697+0300][gc,marking  ] GC(5) Concurrent Clear Claimed Marks
[2024-12-17T11:17:50.697+0300][gc,marking  ] GC(5) Concurrent Clear Claimed Marks 0.024ms
[2024-12-17T11:17:50.697+0300][gc,marking  ] GC(5) Concurrent Scan Root Regions
[2024-12-17T11:17:50.700+0300][gc,marking  ] GC(5) Concurrent Scan Root Regions 2.564ms
[2024-12-17T11:17:50.700+0300][gc,marking  ] GC(5) Concurrent Mark
[2024-12-17T11:17:50.700+0300][gc,marking  ] GC(5) Concurrent Mark From Roots
[2024-12-17T11:17:50.700+0300][gc,task     ] GC(5) Using 2 workers of 2 for marking
[2024-12-17T11:17:50.704+0300][gc,marking  ] GC(5) Concurrent Mark From Roots 4.496ms
[2024-12-17T11:17:50.704+0300][gc,marking  ] GC(5) Concurrent Preclean
[2024-12-17T11:17:50.704+0300][gc,marking  ] GC(5) Concurrent Preclean 0.044ms
[2024-12-17T11:17:50.704+0300][gc,start    ] GC(5) Pause Remark
[2024-12-17T11:17:50.705+0300][gc          ] GC(5) Pause Remark 145M->145M(1024M) 0.925ms
[2024-12-17T11:17:50.705+0300][gc,cpu      ] GC(5) User=0.01s Sys=0.00s Real=0.00s
[2024-12-17T11:17:50.705+0300][gc,marking  ] GC(5) Concurrent Mark 5.674ms
[2024-12-17T11:17:50.705+0300][gc,marking  ] GC(5) Concurrent Rebuild Remembered Sets
[2024-12-17T11:17:50.710+0300][gc,marking  ] GC(5) Concurrent Rebuild Remembered Sets 4.645ms
[2024-12-17T11:17:50.710+0300][gc,start    ] GC(5) Pause Cleanup
[2024-12-17T11:17:50.710+0300][gc          ] GC(5) Pause Cleanup 145M->145M(1024M) 0.091ms
[2024-12-17T11:17:50.710+0300][gc,cpu      ] GC(5) User=0.01s Sys=0.00s Real=0.00s
[2024-12-17T11:17:50.710+0300][gc,marking  ] GC(5) Concurrent Cleanup for Next Mark
[2024-12-17T11:17:50.712+0300][gc,marking  ] GC(5) Concurrent Cleanup for Next Mark 1.638ms
[2024-12-17T11:17:50.712+0300][gc          ] GC(5) Concurrent Mark Cycle 14.821ms
[2024-12-17T11:23:56.755+0300][gc,start    ] GC(6) Pause Young (Normal) (G1 Evacuation Pause)
[2024-12-17T11:23:56.756+0300][gc,task     ] GC(6) Using 8 workers of 8 for evacuation
[2024-12-17T11:23:56.760+0300][gc,phases   ] GC(6)   Pre Evacuate Collection Set: 0.4ms
[2024-12-17T11:23:56.760+0300][gc,phases   ] GC(6)   Merge Heap Roots: 0.3ms
[2024-12-17T11:23:56.760+0300][gc,phases   ] GC(6)   Evacuate Collection Set: 1.6ms
[2024-12-17T11:23:56.760+0300][gc,phases   ] GC(6)   Post Evacuate Collection Set: 0.8ms
[2024-12-17T11:23:56.760+0300][gc,phases   ] GC(6)   Other: 0.7ms
[2024-12-17T11:23:56.760+0300][gc,heap     ] GC(6) Eden regions: 49->0(48)
[2024-12-17T11:23:56.760+0300][gc,heap     ] GC(6) Survivor regions: 2->3(7)
[2024-12-17T11:23:56.760+0300][gc,heap     ] GC(6) Old regions: 14->14
[2024-12-17T11:23:56.760+0300][gc,heap     ] GC(6) Archive regions: 2->2
[2024-12-17T11:23:56.760+0300][gc,heap     ] GC(6) Humongous regions: 140->129
[2024-12-17T11:23:56.760+0300][gc,metaspace] GC(6) Metaspace: 39880K(40384K)->39880K(40384K) NonClass: 35036K(35264K)->35036K(35264K) Class: 4843K(5120K)->4843K(5120K)
[2024-12-17T11:23:56.760+0300][gc          ] GC(6) Pause Young (Normal) (G1 Evacuation Pause) 204M->145M(1024M) 5.518ms
[2024-12-17T11:23:56.760+0300][gc,cpu      ] GC(6) User=0.01s Sys=0.00s Real=0.01s
[2024-12-17T11:24:00.209+0300][gc,start    ] GC(7) Pause Young (Normal) (G1 Evacuation Pause)
[2024-12-17T11:24:00.209+0300][gc,task     ] GC(7) Using 8 workers of 8 for evacuation
[2024-12-17T11:24:00.211+0300][gc,phases   ] GC(7)   Pre Evacuate Collection Set: 0.1ms
[2024-12-17T11:24:00.211+0300][gc,phases   ] GC(7)   Merge Heap Roots: 0.0ms
[2024-12-17T11:24:00.211+0300][gc,phases   ] GC(7)   Evacuate Collection Set: 1.4ms
[2024-12-17T11:24:00.211+0300][gc,phases   ] GC(7)   Post Evacuate Collection Set: 0.3ms
[2024-12-17T11:24:00.211+0300][gc,phases   ] GC(7)   Other: 0.1ms
[2024-12-17T11:24:00.211+0300][gc,heap     ] GC(7) Eden regions: 48->0(48)
[2024-12-17T11:24:00.211+0300][gc,heap     ] GC(7) Survivor regions: 3->3(7)
[2024-12-17T11:24:00.211+0300][gc,heap     ] GC(7) Old regions: 14->14
[2024-12-17T11:24:00.211+0300][gc,heap     ] GC(7) Archive regions: 2->2
[2024-12-17T11:24:00.211+0300][gc,heap     ] GC(7) Humongous regions: 129->129
[2024-12-17T11:24:00.211+0300][gc,metaspace] GC(7) Metaspace: 40414K(40960K)->40414K(40960K) NonClass: 35571K(35840K)->35571K(35840K) Class: 4843K(5120K)->4843K(5120K)
[2024-12-17T11:24:00.211+0300][gc          ] GC(7) Pause Young (Normal) (G1 Evacuation Pause) 193M->145M(1024M) 2.044ms
[2024-12-17T11:24:00.211+0300][gc,cpu      ] GC(7) User=0.01s Sys=0.00s Real=0.01s
[2024-12-17T11:24:03.718+0300][gc,start    ] GC(8) Pause Young (Normal) (G1 Evacuation Pause)
[2024-12-17T11:24:03.719+0300][gc,task     ] GC(8) Using 8 workers of 8 for evacuation
[2024-12-17T11:24:03.721+0300][gc,phases   ] GC(8)   Pre Evacuate Collection Set: 0.2ms
[2024-12-17T11:24:03.721+0300][gc,phases   ] GC(8)   Merge Heap Roots: 0.1ms
[2024-12-17T11:24:03.721+0300][gc,phases   ] GC(8)   Evacuate Collection Set: 1.8ms
[2024-12-17T11:24:03.721+0300][gc,phases   ] GC(8)   Post Evacuate Collection Set: 0.3ms
[2024-12-17T11:24:03.721+0300][gc,phases   ] GC(8)   Other: 0.1ms
[2024-12-17T11:24:03.721+0300][gc,heap     ] GC(8) Eden regions: 48->0(68)
[2024-12-17T11:24:03.721+0300][gc,heap     ] GC(8) Survivor regions: 3->3(7)
[2024-12-17T11:24:03.721+0300][gc,heap     ] GC(8) Old regions: 14->14
[2024-12-17T11:24:03.721+0300][gc,heap     ] GC(8) Archive regions: 2->2
[2024-12-17T11:24:03.721+0300][gc,heap     ] GC(8) Humongous regions: 129->129
[2024-12-17T11:24:03.721+0300][gc,metaspace] GC(8) Metaspace: 40444K(40960K)->40444K(40960K) NonClass: 35601K(35840K)->35601K(35840K) Class: 4843K(5120K)->4843K(5120K)
[2024-12-17T11:24:03.721+0300][gc          ] GC(8) Pause Young (Normal) (G1 Evacuation Pause) 193M->145M(1024M) 3.251ms
[2024-12-17T11:24:03.721+0300][gc,cpu      ] GC(8) User=0.01s Sys=0.00s Real=0.01s
[2024-12-17T11:24:08.755+0300][gc,start    ] GC(9) Pause Young (Normal) (G1 Evacuation Pause)
[2024-12-17T11:24:08.755+0300][gc,task     ] GC(9) Using 8 workers of 8 for evacuation
[2024-12-17T11:24:08.757+0300][gc,phases   ] GC(9)   Pre Evacuate Collection Set: 0.1ms
[2024-12-17T11:24:08.757+0300][gc,phases   ] GC(9)   Merge Heap Roots: 0.0ms
[2024-12-17T11:24:08.757+0300][gc,phases   ] GC(9)   Evacuate Collection Set: 1.8ms
[2024-12-17T11:24:08.758+0300][gc,phases   ] GC(9)   Post Evacuate Collection Set: 0.3ms
[2024-12-17T11:24:08.758+0300][gc,phases   ] GC(9)   Other: 0.1ms
[2024-12-17T11:24:08.758+0300][gc,heap     ] GC(9) Eden regions: 68->0(321)
[2024-12-17T11:24:08.758+0300][gc,heap     ] GC(9) Survivor regions: 3->3(9)
[2024-12-17T11:24:08.758+0300][gc,heap     ] GC(9) Old regions: 14->14
[2024-12-17T11:24:08.758+0300][gc,heap     ] GC(9) Archive regions: 2->2
[2024-12-17T11:24:08.758+0300][gc,heap     ] GC(9) Humongous regions: 129->129
[2024-12-17T11:24:08.758+0300][gc,metaspace] GC(9) Metaspace: 40466K(41024K)->40466K(41024K) NonClass: 35617K(35904K)->35617K(35904K) Class: 4848K(5120K)->4848K(5120K)
[2024-12-17T11:24:08.758+0300][gc          ] GC(9) Pause Young (Normal) (G1 Evacuation Pause) 213M->145M(1024M) 2.403ms
[2024-12-17T11:24:08.758+0300][gc,cpu      ] GC(9) User=0.01s Sys=0.00s Real=0.00s
[2024-12-17T11:33:53.881+0300][gc,start    ] GC(10) Pause Young (Normal) (G1 Evacuation Pause)
[2024-12-17T11:33:53.881+0300][gc,task     ] GC(10) Using 8 workers of 8 for evacuation
[2024-12-17T11:33:53.928+0300][gc,mmu      ] GC(10) MMU target violated: 21.0ms (20.0ms/21.0ms)
[2024-12-17T11:33:53.928+0300][gc,phases   ] GC(10)   Pre Evacuate Collection Set: 1.2ms
[2024-12-17T11:33:53.928+0300][gc,phases   ] GC(10)   Merge Heap Roots: 0.5ms
[2024-12-17T11:33:53.928+0300][gc,phases   ] GC(10)   Evacuate Collection Set: 43.3ms
[2024-12-17T11:33:53.928+0300][gc,phases   ] GC(10)   Post Evacuate Collection Set: 1.1ms
[2024-12-17T11:33:53.928+0300][gc,phases   ] GC(10)   Other: 0.3ms
[2024-12-17T11:33:53.928+0300][gc,heap     ] GC(10) Eden regions: 321->0(43)
[2024-12-17T11:33:53.928+0300][gc,heap     ] GC(10) Survivor regions: 3->8(41)
[2024-12-17T11:33:53.928+0300][gc,heap     ] GC(10) Old regions: 14->14
[2024-12-17T11:33:53.928+0300][gc,heap     ] GC(10) Archive regions: 2->2
[2024-12-17T11:33:53.928+0300][gc,heap     ] GC(10) Humongous regions: 129->129
[2024-12-17T11:33:53.928+0300][gc,metaspace] GC(10) Metaspace: 43439K(44032K)->43439K(44032K) NonClass: 38205K(38528K)->38205K(38528K) Class: 5234K(5504K)->5234K(5504K)
[2024-12-17T11:33:53.928+0300][gc          ] GC(10) Pause Young (Normal) (G1 Evacuation Pause) 466M->151M(1024M) 47.434ms
[2024-12-17T11:33:53.928+0300][gc,cpu      ] GC(10) User=0.05s Sys=0.13s Real=0.04s
[2024-12-17T11:34:18.425+0300][gc,start    ] GC(11) Pause Young (Normal) (G1 Evacuation Pause)
[2024-12-17T11:34:18.426+0300][gc,task     ] GC(11) Using 8 workers of 8 for evacuation
[2024-12-17T11:34:18.446+0300][gc,phases   ] GC(11)   Pre Evacuate Collection Set: 0.7ms
[2024-12-17T11:34:18.446+0300][gc,phases   ] GC(11)   Merge Heap Roots: 0.3ms
[2024-12-17T11:34:18.446+0300][gc,phases   ] GC(11)   Evacuate Collection Set: 17.5ms
[2024-12-17T11:34:18.446+0300][gc,phases   ] GC(11)   Post Evacuate Collection Set: 1.1ms
[2024-12-17T11:34:18.446+0300][gc,phases   ] GC(11)   Other: 0.2ms
[2024-12-17T11:34:18.446+0300][gc,heap     ] GC(11) Eden regions: 43->0(205)
[2024-12-17T11:34:18.446+0300][gc,heap     ] GC(11) Survivor regions: 8->2(7)
[2024-12-17T11:34:18.446+0300][gc,heap     ] GC(11) Old regions: 14->21
[2024-12-17T11:34:18.446+0300][gc,heap     ] GC(11) Archive regions: 2->2
[2024-12-17T11:34:18.446+0300][gc,heap     ] GC(11) Humongous regions: 129->129
[2024-12-17T11:34:18.446+0300][gc,metaspace] GC(11) Metaspace: 43474K(44096K)->43474K(44096K) NonClass: 38236K(38592K)->38236K(38592K) Class: 5237K(5504K)->5237K(5504K)
[2024-12-17T11:34:18.446+0300][gc          ] GC(11) Pause Young (Normal) (G1 Evacuation Pause) 194M->152M(1024M) 21.202ms
[2024-12-17T11:34:18.446+0300][gc,cpu      ] GC(11) User=0.04s Sys=0.05s Real=0.02s
[2024-12-17T11:36:24.369+0300][gc,start    ] GC(12) Pause Young (Normal) (G1 Evacuation Pause)
[2024-12-17T11:36:24.369+0300][gc,task     ] GC(12) Using 8 workers of 8 for evacuation
[2024-12-17T11:36:24.387+0300][gc,phases   ] GC(12)   Pre Evacuate Collection Set: 0.6ms
[2024-12-17T11:36:24.387+0300][gc,phases   ] GC(12)   Merge Heap Roots: 0.1ms
[2024-12-17T11:36:24.387+0300][gc,phases   ] GC(12)   Evacuate Collection Set: 16.0ms
[2024-12-17T11:36:24.387+0300][gc,phases   ] GC(12)   Post Evacuate Collection Set: 0.5ms
[2024-12-17T11:36:24.387+0300][gc,phases   ] GC(12)   Other: 0.2ms
[2024-12-17T11:36:24.387+0300][gc,heap     ] GC(12) Eden regions: 205->0(55)
[2024-12-17T11:36:24.387+0300][gc,heap     ] GC(12) Survivor regions: 2->4(26)
[2024-12-17T11:36:24.387+0300][gc,heap     ] GC(12) Old regions: 21->21
[2024-12-17T11:36:24.387+0300][gc,heap     ] GC(12) Archive regions: 2->2
[2024-12-17T11:36:24.387+0300][gc,heap     ] GC(12) Humongous regions: 129->129
[2024-12-17T11:36:24.387+0300][gc,metaspace] GC(12) Metaspace: 43506K(44096K)->43506K(44096K) NonClass: 38266K(38592K)->38266K(38592K) Class: 5240K(5504K)->5240K(5504K)
[2024-12-17T11:36:24.387+0300][gc          ] GC(12) Pause Young (Normal) (G1 Evacuation Pause) 357M->154M(1024M) 18.220ms
[2024-12-17T11:36:24.387+0300][gc,cpu      ] GC(12) User=0.02s Sys=0.06s Real=0.02s
[2024-12-17T11:36:56.815+0300][gc,start    ] GC(13) Pause Young (Normal) (G1 Evacuation Pause)
[2024-12-17T11:36:56.815+0300][gc,task     ] GC(13) Using 8 workers of 8 for evacuation
[2024-12-17T11:36:56.824+0300][gc,phases   ] GC(13)   Pre Evacuate Collection Set: 1.1ms
[2024-12-17T11:36:56.824+0300][gc,phases   ] GC(13)   Merge Heap Roots: 0.1ms
[2024-12-17T11:36:56.824+0300][gc,phases   ] GC(13)   Evacuate Collection Set: 7.2ms
[2024-12-17T11:36:56.824+0300][gc,phases   ] GC(13)   Post Evacuate Collection Set: 0.5ms
[2024-12-17T11:36:56.824+0300][gc,phases   ] GC(13)   Other: 0.2ms
[2024-12-17T11:36:56.824+0300][gc,heap     ] GC(13) Eden regions: 55->0(47)
[2024-12-17T11:36:56.824+0300][gc,heap     ] GC(13) Survivor regions: 4->5(8)
[2024-12-17T11:36:56.824+0300][gc,heap     ] GC(13) Old regions: 21->21
[2024-12-17T11:36:56.824+0300][gc,heap     ] GC(13) Archive regions: 2->2
[2024-12-17T11:36:56.824+0300][gc,heap     ] GC(13) Humongous regions: 129->129
[2024-12-17T11:36:56.824+0300][gc,metaspace] GC(13) Metaspace: 43509K(44096K)->43509K(44096K) NonClass: 38269K(38592K)->38269K(38592K) Class: 5240K(5504K)->5240K(5504K)
[2024-12-17T11:36:56.824+0300][gc          ] GC(13) Pause Young (Normal) (G1 Evacuation Pause) 209M->155M(1024M) 9.613ms
[2024-12-17T11:36:56.824+0300][gc,cpu      ] GC(13) User=0.02s Sys=0.01s Real=0.01s
[2024-12-17T11:37:25.169+0300][gc,start    ] GC(14) Pause Young (Normal) (G1 Evacuation Pause)
[2024-12-17T11:37:25.171+0300][gc,task     ] GC(14) Using 8 workers of 8 for evacuation
[2024-12-17T11:37:25.182+0300][gc,phases   ] GC(14)   Pre Evacuate Collection Set: 1.0ms
[2024-12-17T11:37:25.182+0300][gc,phases   ] GC(14)   Merge Heap Roots: 0.2ms
[2024-12-17T11:37:25.182+0300][gc,phases   ] GC(14)   Evacuate Collection Set: 9.7ms
[2024-12-17T11:37:25.182+0300][gc,phases   ] GC(14)   Post Evacuate Collection Set: 0.4ms
[2024-12-17T11:37:25.182+0300][gc,phases   ] GC(14)   Other: 0.2ms
[2024-12-17T11:37:25.182+0300][gc,heap     ] GC(14) Eden regions: 47->0(90)
[2024-12-17T11:37:25.182+0300][gc,heap     ] GC(14) Survivor regions: 5->2(7)
[2024-12-17T11:37:25.182+0300][gc,heap     ] GC(14) Old regions: 21->25
[2024-12-17T11:37:25.182+0300][gc,heap     ] GC(14) Archive regions: 2->2
[2024-12-17T11:37:25.182+0300][gc,heap     ] GC(14) Humongous regions: 129->129
[2024-12-17T11:37:25.182+0300][gc,metaspace] GC(14) Metaspace: 43509K(44096K)->43509K(44096K) NonClass: 38269K(38592K)->38269K(38592K) Class: 5240K(5504K)->5240K(5504K)
[2024-12-17T11:37:25.182+0300][gc          ] GC(14) Pause Young (Normal) (G1 Evacuation Pause) 202M->156M(1024M) 12.822ms
[2024-12-17T11:37:25.182+0300][gc,cpu      ] GC(14) User=0.03s Sys=0.01s Real=0.02s
[2024-12-17T11:38:20.064+0300][gc,start    ] GC(15) Pause Young (Normal) (G1 Evacuation Pause)
[2024-12-17T11:38:20.065+0300][gc,task     ] GC(15) Using 8 workers of 8 for evacuation
[2024-12-17T11:38:20.073+0300][gc,phases   ] GC(15)   Pre Evacuate Collection Set: 1.5ms
[2024-12-17T11:38:20.073+0300][gc,phases   ] GC(15)   Merge Heap Roots: 0.2ms
[2024-12-17T11:38:20.073+0300][gc,phases   ] GC(15)   Evacuate Collection Set: 5.6ms
[2024-12-17T11:38:20.073+0300][gc,phases   ] GC(15)   Post Evacuate Collection Set: 0.6ms
[2024-12-17T11:38:20.073+0300][gc,phases   ] GC(15)   Other: 0.2ms
[2024-12-17T11:38:20.073+0300][gc,heap     ] GC(15) Eden regions: 90->0(89)
[2024-12-17T11:38:20.073+0300][gc,heap     ] GC(15) Survivor regions: 2->4(12)
[2024-12-17T11:38:20.073+0300][gc,heap     ] GC(15) Old regions: 25->25
[2024-12-17T11:38:20.073+0300][gc,heap     ] GC(15) Archive regions: 2->2
[2024-12-17T11:38:20.073+0300][gc,heap     ] GC(15) Humongous regions: 129->129
[2024-12-17T11:38:20.073+0300][gc,metaspace] GC(15) Metaspace: 43521K(44096K)->43521K(44096K) NonClass: 38281K(38592K)->38281K(38592K) Class: 5240K(5504K)->5240K(5504K)
[2024-12-17T11:38:20.073+0300][gc          ] GC(15) Pause Young (Normal) (G1 Evacuation Pause) 246M->157M(1024M) 9.299ms
[2024-12-17T11:38:20.073+0300][gc,cpu      ] GC(15) User=0.01s Sys=0.01s Real=0.01s
[2024-12-17T11:39:13.726+0300][gc,start    ] GC(16) Pause Young (Normal) (G1 Evacuation Pause)
[2024-12-17T11:39:13.728+0300][gc,task     ] GC(16) Using 8 workers of 8 for evacuation
[2024-12-17T11:39:13.749+0300][gc,mmu      ] GC(16) MMU target violated: 21.0ms (20.0ms/21.0ms)
[2024-12-17T11:39:13.749+0300][gc,phases   ] GC(16)   Pre Evacuate Collection Set: 0.8ms
[2024-12-17T11:39:13.749+0300][gc,phases   ] GC(16)   Merge Heap Roots: 0.3ms
[2024-12-17T11:39:13.749+0300][gc,phases   ] GC(16)   Evacuate Collection Set: 19.7ms
[2024-12-17T11:39:13.749+0300][gc,phases   ] GC(16)   Post Evacuate Collection Set: 0.5ms
[2024-12-17T11:39:13.749+0300][gc,phases   ] GC(16)   Other: 0.3ms
[2024-12-17T11:39:13.749+0300][gc,heap     ] GC(16) Eden regions: 89->0(62)
[2024-12-17T11:39:13.749+0300][gc,heap     ] GC(16) Survivor regions: 4->5(12)
[2024-12-17T11:39:13.749+0300][gc,heap     ] GC(16) Old regions: 25->25
[2024-12-17T11:39:13.749+0300][gc,heap     ] GC(16) Archive regions: 2->2
[2024-12-17T11:39:13.749+0300][gc,heap     ] GC(16) Humongous regions: 129->129
[2024-12-17T11:39:13.749+0300][gc,metaspace] GC(16) Metaspace: 43549K(44096K)->43549K(44096K) NonClass: 38307K(38592K)->38307K(38592K) Class: 5242K(5504K)->5242K(5504K)
[2024-12-17T11:39:13.749+0300][gc          ] GC(16) Pause Young (Normal) (G1 Evacuation Pause) 246M->159M(1024M) 23.094ms
[2024-12-17T11:39:13.749+0300][gc,cpu      ] GC(16) User=0.02s Sys=0.03s Real=0.02s
[2024-12-17T11:39:50.994+0300][gc,start    ] GC(17) Pause Young (Normal) (G1 Evacuation Pause)
[2024-12-17T11:39:50.995+0300][gc,task     ] GC(17) Using 8 workers of 8 for evacuation
[2024-12-17T11:39:51.006+0300][gc,phases   ] GC(17)   Pre Evacuate Collection Set: 0.5ms
[2024-12-17T11:39:51.006+0300][gc,phases   ] GC(17)   Merge Heap Roots: 0.1ms
[2024-12-17T11:39:51.006+0300][gc,phases   ] GC(17)   Evacuate Collection Set: 9.3ms
[2024-12-17T11:39:51.006+0300][gc,phases   ] GC(17)   Post Evacuate Collection Set: 0.7ms
[2024-12-17T11:39:51.006+0300][gc,phases   ] GC(17)   Other: 0.2ms
[2024-12-17T11:39:51.006+0300][gc,heap     ] GC(17) Eden regions: 62->0(64)
[2024-12-17T11:39:51.006+0300][gc,heap     ] GC(17) Survivor regions: 5->6(9)
[2024-12-17T11:39:51.006+0300][gc,heap     ] GC(17) Old regions: 25->25
[2024-12-17T11:39:51.006+0300][gc,heap     ] GC(17) Archive regions: 2->2
[2024-12-17T11:39:51.006+0300][gc,heap     ] GC(17) Humongous regions: 129->129
[2024-12-17T11:39:51.006+0300][gc,metaspace] GC(17) Metaspace: 43564K(44224K)->43564K(44224K) NonClass: 38316K(38656K)->38316K(38656K) Class: 5247K(5568K)->5247K(5568K)
[2024-12-17T11:39:51.006+0300][gc          ] GC(17) Pause Young (Normal) (G1 Evacuation Pause) 221M->160M(1024M) 12.346ms
[2024-12-17T11:39:51.006+0300][gc,cpu      ] GC(17) User=0.03s Sys=0.00s Real=0.01s
[2024-12-17T11:40:29.859+0300][gc,start    ] GC(18) Pause Young (Normal) (G1 Evacuation Pause)
[2024-12-17T11:40:29.861+0300][gc,task     ] GC(18) Using 8 workers of 8 for evacuation
[2024-12-17T11:40:29.882+0300][gc,mmu      ] GC(18) MMU target violated: 21.0ms (20.0ms/21.0ms)
[2024-12-17T11:40:29.882+0300][gc,phases   ] GC(18)   Pre Evacuate Collection Set: 0.8ms
[2024-12-17T11:40:29.882+0300][gc,phases   ] GC(18)   Merge Heap Roots: 0.2ms
[2024-12-17T11:40:29.882+0300][gc,phases   ] GC(18)   Evacuate Collection Set: 19.6ms
[2024-12-17T11:40:29.882+0300][gc,phases   ] GC(18)   Post Evacuate Collection Set: 0.5ms
[2024-12-17T11:40:29.882+0300][gc,phases   ] GC(18)   Other: 0.3ms
[2024-12-17T11:40:29.882+0300][gc,heap     ] GC(18) Eden regions: 64->0(66)
[2024-12-17T11:40:29.882+0300][gc,heap     ] GC(18) Survivor regions: 6->6(9)
[2024-12-17T11:40:29.882+0300][gc,heap     ] GC(18) Old regions: 25->27
[2024-12-17T11:40:29.882+0300][gc,heap     ] GC(18) Archive regions: 2->2
[2024-12-17T11:40:29.882+0300][gc,heap     ] GC(18) Humongous regions: 129->129
[2024-12-17T11:40:29.882+0300][gc,metaspace] GC(18) Metaspace: 43564K(44224K)->43564K(44224K) NonClass: 38317K(38656K)->38317K(38656K) Class: 5247K(5568K)->5247K(5568K)
[2024-12-17T11:40:29.882+0300][gc          ] GC(18) Pause Young (Normal) (G1 Evacuation Pause) 224M->161M(1024M) 22.817ms
[2024-12-17T11:40:29.882+0300][gc,cpu      ] GC(18) User=0.03s Sys=0.03s Real=0.03s
[2024-12-17T11:41:08.959+0300][gc,start    ] GC(19) Pause Young (Normal) (G1 Evacuation Pause)
[2024-12-17T11:41:08.960+0300][gc,task     ] GC(19) Using 8 workers of 8 for evacuation
[2024-12-17T11:41:08.976+0300][gc,phases   ] GC(19)   Pre Evacuate Collection Set: 0.8ms
[2024-12-17T11:41:08.976+0300][gc,phases   ] GC(19)   Merge Heap Roots: 0.2ms
[2024-12-17T11:41:08.976+0300][gc,phases   ] GC(19)   Evacuate Collection Set: 14.2ms
[2024-12-17T11:41:08.976+0300][gc,phases   ] GC(19)   Post Evacuate Collection Set: 0.6ms
[2024-12-17T11:41:08.976+0300][gc,phases   ] GC(19)   Other: 0.3ms
[2024-12-17T11:41:08.976+0300][gc,heap     ] GC(19) Eden regions: 64->0(101)
[2024-12-17T11:41:08.976+0300][gc,heap     ] GC(19) Survivor regions: 6->5(9)
[2024-12-17T11:41:08.976+0300][gc,heap     ] GC(19) Old regions: 27->28
[2024-12-17T11:41:08.976+0300][gc,heap     ] GC(19) Archive regions: 2->2
[2024-12-17T11:41:08.976+0300][gc,heap     ] GC(19) Humongous regions: 129->129
[2024-12-17T11:41:08.976+0300][gc,metaspace] GC(19) Metaspace: 43564K(44224K)->43564K(44224K) NonClass: 38317K(38656K)->38317K(38656K) Class: 5247K(5568K)->5247K(5568K)
[2024-12-17T11:41:08.976+0300][gc          ] GC(19) Pause Young (Normal) (G1 Evacuation Pause) 225M->162M(1024M) 16.832ms
[2024-12-17T11:41:08.976+0300][gc,cpu      ] GC(19) User=0.03s Sys=0.02s Real=0.02s
[2024-12-17T11:42:09.682+0300][gc,start    ] GC(20) Pause Young (Normal) (G1 Evacuation Pause)
[2024-12-17T11:42:09.683+0300][gc,task     ] GC(20) Using 8 workers of 8 for evacuation
[2024-12-17T11:42:09.696+0300][gc,phases   ] GC(20)   Pre Evacuate Collection Set: 1.1ms
[2024-12-17T11:42:09.696+0300][gc,phases   ] GC(20)   Merge Heap Roots: 0.3ms
[2024-12-17T11:42:09.696+0300][gc,phases   ] GC(20)   Evacuate Collection Set: 10.7ms
[2024-12-17T11:42:09.696+0300][gc,phases   ] GC(20)   Post Evacuate Collection Set: 0.7ms
[2024-12-17T11:42:09.696+0300][gc,phases   ] GC(20)   Other: 0.4ms
[2024-12-17T11:42:09.696+0300][gc,heap     ] GC(20) Eden regions: 99->0(81)
[2024-12-17T11:42:09.696+0300][gc,heap     ] GC(20) Survivor regions: 5->7(13)
[2024-12-17T11:42:09.696+0300][gc,heap     ] GC(20) Old regions: 28->28
[2024-12-17T11:42:09.696+0300][gc,heap     ] GC(20) Archive regions: 2->2
[2024-12-17T11:42:09.696+0300][gc,heap     ] GC(20) Humongous regions: 129->129
[2024-12-17T11:42:09.696+0300][gc,metaspace] GC(20) Metaspace: 43578K(44288K)->43578K(44288K) NonClass: 38330K(38720K)->38330K(38720K) Class: 5247K(5568K)->5247K(5568K)
[2024-12-17T11:42:09.696+0300][gc          ] GC(20) Pause Young (Normal) (G1 Evacuation Pause) 261M->164M(1024M) 14.935ms
[2024-12-17T11:42:09.697+0300][gc,cpu      ] GC(20) User=0.03s Sys=0.01s Real=0.01s
[2024-12-17T11:42:58.696+0300][gc,start    ] GC(21) Pause Young (Normal) (G1 Evacuation Pause)
[2024-12-17T11:42:58.698+0300][gc,task     ] GC(21) Using 8 workers of 8 for evacuation
[2024-12-17T11:42:58.720+0300][gc,mmu      ] GC(21) MMU target violated: 21.0ms (20.0ms/21.0ms)
[2024-12-17T11:42:58.720+0300][gc,phases   ] GC(21)   Pre Evacuate Collection Set: 1.2ms
[2024-12-17T11:42:58.720+0300][gc,phases   ] GC(21)   Merge Heap Roots: 0.3ms
[2024-12-17T11:42:58.720+0300][gc,phases   ] GC(21)   Evacuate Collection Set: 19.8ms
[2024-12-17T11:42:58.720+0300][gc,phases   ] GC(21)   Post Evacuate Collection Set: 0.6ms
[2024-12-17T11:42:58.720+0300][gc,phases   ] GC(21)   Other: 0.4ms
[2024-12-17T11:42:58.720+0300][gc,heap     ] GC(21) Eden regions: 81->0(81)
[2024-12-17T11:42:58.720+0300][gc,heap     ] GC(21) Survivor regions: 7->7(11)
[2024-12-17T11:42:58.720+0300][gc,heap     ] GC(21) Old regions: 28->30
[2024-12-17T11:42:58.720+0300][gc,heap     ] GC(21) Archive regions: 2->2
[2024-12-17T11:42:58.720+0300][gc,heap     ] GC(21) Humongous regions: 129->129
[2024-12-17T11:42:58.720+0300][gc,metaspace] GC(21) Metaspace: 43592K(44288K)->43592K(44288K) NonClass: 38345K(38720K)->38345K(38720K) Class: 5247K(5568K)->5247K(5568K)
[2024-12-17T11:42:58.720+0300][gc          ] GC(21) Pause Young (Normal) (G1 Evacuation Pause) 245M->165M(1024M) 23.834ms
[2024-12-17T11:42:58.720+0300][gc,cpu      ] GC(21) User=0.03s Sys=0.05s Real=0.03s
[2024-12-17T11:43:44.759+0300][gc,start    ] GC(22) Pause Young (Normal) (G1 Evacuation Pause)
[2024-12-17T11:43:44.760+0300][gc,task     ] GC(22) Using 8 workers of 8 for evacuation
[2024-12-17T11:43:44.775+0300][gc,phases   ] GC(22)   Pre Evacuate Collection Set: 0.8ms
[2024-12-17T11:43:44.775+0300][gc,phases   ] GC(22)   Merge Heap Roots: 0.3ms
[2024-12-17T11:43:44.775+0300][gc,phases   ] GC(22)   Evacuate Collection Set: 12.2ms
[2024-12-17T11:43:44.775+0300][gc,phases   ] GC(22)   Post Evacuate Collection Set: 1.5ms
[2024-12-17T11:43:44.776+0300][gc,phases   ] GC(22)   Other: 0.3ms
[2024-12-17T11:43:44.776+0300][gc,heap     ] GC(22) Eden regions: 76->0(130)
[2024-12-17T11:43:44.776+0300][gc,heap     ] GC(22) Survivor regions: 7->6(11)
[2024-12-17T11:43:44.776+0300][gc,heap     ] GC(22) Old regions: 30->31
[2024-12-17T11:43:44.776+0300][gc,heap     ] GC(22) Archive regions: 2->2
[2024-12-17T11:43:44.776+0300][gc,heap     ] GC(22) Humongous regions: 129->129
[2024-12-17T11:43:44.776+0300][gc,metaspace] GC(22) Metaspace: 43596K(44288K)->43596K(44288K) NonClass: 38349K(38720K)->38349K(38720K) Class: 5247K(5568K)->5247K(5568K)
[2024-12-17T11:43:44.776+0300][gc          ] GC(22) Pause Young (Normal) (G1 Evacuation Pause) 241M->165M(1024M) 16.964ms
[2024-12-17T11:43:44.776+0300][gc,cpu      ] GC(22) User=0.03s Sys=0.02s Real=0.02s
