[2024-12-17 11:17:50,543] INFO [Controller id=0 epoch=1] Sending UpdateMetadata request to brokers Set(0) for 0 partitions (state.change.logger)
[2024-12-17 11:23:53,988] INFO [Controller id=0 epoch=1] Changed partition retail_sales-0 state from NonExistentPartition to NewPartition with assigned replicas 0 (state.change.logger)
[2024-12-17 11:23:53,988] INFO [Controller id=0 epoch=1] Sending UpdateMetadata request to brokers Set() for 0 partitions (state.change.logger)
[2024-12-17 11:23:53,990] INFO [Controller id=0 epoch=1] Sending UpdateMetadata request to brokers Set() for 0 partitions (state.change.logger)
[2024-12-17 11:23:54,008] INFO [Controller id=0 epoch=1] Changed partition retail_sales-0 from NewPartition to OnlinePartition with state LeaderAndIsr(leader=0, leaderEpoch=0, isrWithBrokerEpoch=List(BrokerState(brokerId=0, brokerEpoch=-1)), leaderRecoveryState=RECOVERED, partitionEpoch=0) (state.change.logger)
[2024-12-17 11:23:54,009] INFO [Controller id=0 epoch=1] Sending LeaderAndIsr request to broker 0 with 1 become-leader and 0 become-follower partitions (state.change.logger)
[2024-12-17 11:23:54,010] INFO [Controller id=0 epoch=1] Sending UpdateMetadata request to brokers Set(0) for 1 partitions (state.change.logger)
[2024-12-17 11:23:54,011] INFO [Controller id=0 epoch=1] Sending UpdateMetadata request to brokers Set() for 0 partitions (state.change.logger)
[2024-12-17 11:23:54,013] INFO [Broker id=0] Handling LeaderAndIsr request correlationId 1 from controller 0 for 1 partitions (state.change.logger)
[2024-12-17 11:23:54,025] INFO [Broker id=0] Stopped fetchers as part of LeaderAndIsr request correlationId 1 from controller 0 epoch 1 as part of the become-leader transition for 1 partitions (state.change.logger)
[2024-12-17 11:23:54,081] INFO [Broker id=0] Leader retail_sales-0 with topic id Some(hjDejO02QV21IGNdI2bUMQ) starts at leader epoch 0 from offset 0 with partition epoch 0, high watermark 0, ISR [0], adding replicas [] and removing replicas [] . Previous leader None and previous leader epoch was -1. (state.change.logger)
[2024-12-17 11:23:54,092] INFO [Broker id=0] Finished LeaderAndIsr request in 80ms correlationId 1 from controller 0 for 1 partitions (state.change.logger)
[2024-12-17 11:23:54,098] INFO [Broker id=0] Add 1 partitions and deleted 0 partitions from metadata cache in response to UpdateMetadata request sent by controller 0 epoch 1 with correlation id 2 (state.change.logger)
[2024-12-17 11:26:33,039] INFO [Controller id=0 epoch=1] Changed partition __consumer_offsets-22 state from NonExistentPartition to NewPartition with assigned replicas 0 (state.change.logger)
[2024-12-17 11:26:33,039] INFO [Controller id=0 epoch=1] Changed partition __consumer_offsets-30 state from NonExistentPartition to NewPartition with assigned replicas 0 (state.change.logger)
[2024-12-17 11:26:33,039] INFO [Controller id=0 epoch=1] Changed partition __consumer_offsets-8 state from NonExistentPartition to NewPartition with assigned replicas 0 (state.change.logger)
[2024-12-17 11:26:33,039] INFO [Controller id=0 epoch=1] Changed partition __consumer_offsets-21 state from NonExistentPartition to NewPartition with assigned replicas 0 (state.change.logger)
[2024-12-17 11:26:33,039] INFO [Controller id=0 epoch=1] Changed partition __consumer_offsets-4 state from NonExistentPartition to NewPartition with assigned replicas 0 (state.change.logger)
[2024-12-17 11:26:33,039] INFO [Controller id=0 epoch=1] Changed partition __consumer_offsets-27 state from NonExistentPartition to NewPartition with assigned replicas 0 (state.change.logger)
[2024-12-17 11:26:33,039] INFO [Controller id=0 epoch=1] Changed partition __consumer_offsets-7 state from NonExistentPartition to NewPartition with assigned replicas 0 (state.change.logger)
[2024-12-17 11:26:33,039] INFO [Controller id=0 epoch=1] Changed partition __consumer_offsets-9 state from NonExistentPartition to NewPartition with assigned replicas 0 (state.change.logger)
[2024-12-17 11:26:33,039] INFO [Controller id=0 epoch=1] Changed partition __consumer_offsets-46 state from NonExistentPartition to NewPartition with assigned replicas 0 (state.change.logger)
[2024-12-17 11:26:33,039] INFO [Controller id=0 epoch=1] Changed partition __consumer_offsets-25 state from NonExistentPartition to NewPartition with assigned replicas 0 (state.change.logger)
[2024-12-17 11:26:33,039] INFO [Controller id=0 epoch=1] Changed partition __consumer_offsets-35 state from NonExistentPartition to NewPartition with assigned replicas 0 (state.change.logger)
[2024-12-17 11:26:33,039] INFO [Controller id=0 epoch=1] Changed partition __consumer_offsets-41 state from NonExistentPartition to NewPartition with assigned replicas 0 (state.change.logger)
[2024-12-17 11:26:33,039] INFO [Controller id=0 epoch=1] Changed partition __consumer_offsets-33 state from NonExistentPartition to NewPartition with assigned replicas 0 (state.change.logger)
[2024-12-17 11:26:33,040] INFO [Controller id=0 epoch=1] Changed partition __consumer_offsets-23 state from NonExistentPartition to NewPartition with assigned replicas 0 (state.change.logger)
[2024-12-17 11:26:33,040] INFO [Controller id=0 epoch=1] Changed partition __consumer_offsets-49 state from NonExistentPartition to NewPartition with assigned replicas 0 (state.change.logger)
[2024-12-17 11:26:33,040] INFO [Controller id=0 epoch=1] Changed partition __consumer_offsets-47 state from NonExistentPartition to NewPartition with assigned replicas 0 (state.change.logger)
[2024-12-17 11:26:33,040] INFO [Controller id=0 epoch=1] Changed partition __consumer_offsets-16 state from NonExistentPartition to NewPartition with assigned replicas 0 (state.change.logger)
[2024-12-17 11:26:33,040] INFO [Controller id=0 epoch=1] Changed partition __consumer_offsets-28 state from NonExistentPartition to NewPartition with assigned replicas 0 (state.change.logger)
[2024-12-17 11:26:33,040] INFO [Controller id=0 epoch=1] Changed partition __consumer_offsets-31 state from NonExistentPartition to NewPartition with assigned replicas 0 (state.change.logger)
[2024-12-17 11:26:33,040] INFO [Controller id=0 epoch=1] Changed partition __consumer_offsets-36 state from NonExistentPartition to NewPartition with assigned replicas 0 (state.change.logger)
[2024-12-17 11:26:33,040] INFO [Controller id=0 epoch=1] Changed partition __consumer_offsets-42 state from NonExistentPartition to NewPartition with assigned replicas 0 (state.change.logger)
[2024-12-17 11:26:33,040] INFO [Controller id=0 epoch=1] Changed partition __consumer_offsets-3 state from NonExistentPartition to NewPartition with assigned replicas 0 (state.change.logger)
[2024-12-17 11:26:33,040] INFO [Controller id=0 epoch=1] Changed partition __consumer_offsets-18 state from NonExistentPartition to NewPartition with assigned replicas 0 (state.change.logger)
[2024-12-17 11:26:33,040] INFO [Controller id=0 epoch=1] Changed partition __consumer_offsets-37 state from NonExistentPartition to NewPartition with assigned replicas 0 (state.change.logger)
[2024-12-17 11:26:33,040] INFO [Controller id=0 epoch=1] Changed partition __consumer_offsets-15 state from NonExistentPartition to NewPartition with assigned replicas 0 (state.change.logger)
[2024-12-17 11:26:33,040] INFO [Controller id=0 epoch=1] Changed partition __consumer_offsets-24 state from NonExistentPartition to NewPartition with assigned replicas 0 (state.change.logger)
[2024-12-17 11:26:33,040] INFO [Controller id=0 epoch=1] Changed partition __consumer_offsets-38 state from NonExistentPartition to NewPartition with assigned replicas 0 (state.change.logger)
[2024-12-17 11:26:33,040] INFO [Controller id=0 epoch=1] Changed partition __consumer_offsets-17 state from NonExistentPartition to NewPartition with assigned replicas 0 (state.change.logger)
[2024-12-17 11:26:33,040] INFO [Controller id=0 epoch=1] Changed partition __consumer_offsets-48 state from NonExistentPartition to NewPartition with assigned replicas 0 (state.change.logger)
[2024-12-17 11:26:33,040] INFO [Controller id=0 epoch=1] Changed partition __consumer_offsets-19 state from NonExistentPartition to NewPartition with assigned replicas 0 (state.change.logger)
[2024-12-17 11:26:33,040] INFO [Controller id=0 epoch=1] Changed partition __consumer_offsets-11 state from NonExistentPartition to NewPartition with assigned replicas 0 (state.change.logger)
[2024-12-17 11:26:33,040] INFO [Controller id=0 epoch=1] Changed partition __consumer_offsets-13 state from NonExistentPartition to NewPartition with assigned replicas 0 (state.change.logger)
[2024-12-17 11:26:33,040] INFO [Controller id=0 epoch=1] Changed partition __consumer_offsets-2 state from NonExistentPartition to NewPartition with assigned replicas 0 (state.change.logger)
[2024-12-17 11:26:33,040] INFO [Controller id=0 epoch=1] Changed partition __consumer_offsets-43 state from NonExistentPartition to NewPartition with assigned replicas 0 (state.change.logger)
[2024-12-17 11:26:33,040] INFO [Controller id=0 epoch=1] Changed partition __consumer_offsets-6 state from NonExistentPartition to NewPartition with assigned replicas 0 (state.change.logger)
[2024-12-17 11:26:33,040] INFO [Controller id=0 epoch=1] Changed partition __consumer_offsets-14 state from NonExistentPartition to NewPartition with assigned replicas 0 (state.change.logger)
[2024-12-17 11:26:33,040] INFO [Controller id=0 epoch=1] Changed partition __consumer_offsets-20 state from NonExistentPartition to NewPartition with assigned replicas 0 (state.change.logger)
[2024-12-17 11:26:33,040] INFO [Controller id=0 epoch=1] Changed partition __consumer_offsets-0 state from NonExistentPartition to NewPartition with assigned replicas 0 (state.change.logger)
[2024-12-17 11:26:33,040] INFO [Controller id=0 epoch=1] Changed partition __consumer_offsets-44 state from NonExistentPartition to NewPartition with assigned replicas 0 (state.change.logger)
[2024-12-17 11:26:33,040] INFO [Controller id=0 epoch=1] Changed partition __consumer_offsets-39 state from NonExistentPartition to NewPartition with assigned replicas 0 (state.change.logger)
[2024-12-17 11:26:33,040] INFO [Controller id=0 epoch=1] Changed partition __consumer_offsets-12 state from NonExistentPartition to NewPartition with assigned replicas 0 (state.change.logger)
[2024-12-17 11:26:33,040] INFO [Controller id=0 epoch=1] Changed partition __consumer_offsets-45 state from NonExistentPartition to NewPartition with assigned replicas 0 (state.change.logger)
[2024-12-17 11:26:33,040] INFO [Controller id=0 epoch=1] Changed partition __consumer_offsets-1 state from NonExistentPartition to NewPartition with assigned replicas 0 (state.change.logger)
[2024-12-17 11:26:33,040] INFO [Controller id=0 epoch=1] Changed partition __consumer_offsets-5 state from NonExistentPartition to NewPartition with assigned replicas 0 (state.change.logger)
[2024-12-17 11:26:33,040] INFO [Controller id=0 epoch=1] Changed partition __consumer_offsets-26 state from NonExistentPartition to NewPartition with assigned replicas 0 (state.change.logger)
[2024-12-17 11:26:33,040] INFO [Controller id=0 epoch=1] Changed partition __consumer_offsets-29 state from NonExistentPartition to NewPartition with assigned replicas 0 (state.change.logger)
[2024-12-17 11:26:33,040] INFO [Controller id=0 epoch=1] Changed partition __consumer_offsets-34 state from NonExistentPartition to NewPartition with assigned replicas 0 (state.change.logger)
[2024-12-17 11:26:33,041] INFO [Controller id=0 epoch=1] Changed partition __consumer_offsets-10 state from NonExistentPartition to NewPartition with assigned replicas 0 (state.change.logger)
[2024-12-17 11:26:33,041] INFO [Controller id=0 epoch=1] Changed partition __consumer_offsets-32 state from NonExistentPartition to NewPartition with assigned replicas 0 (state.change.logger)
[2024-12-17 11:26:33,041] INFO [Controller id=0 epoch=1] Changed partition __consumer_offsets-40 state from NonExistentPartition to NewPartition with assigned replicas 0 (state.change.logger)
[2024-12-17 11:26:33,041] INFO [Controller id=0 epoch=1] Sending UpdateMetadata request to brokers Set() for 0 partitions (state.change.logger)
[2024-12-17 11:26:33,042] INFO [Controller id=0 epoch=1] Sending UpdateMetadata request to brokers Set() for 0 partitions (state.change.logger)
[2024-12-17 11:26:33,121] INFO [Controller id=0 epoch=1] Changed partition __consumer_offsets-22 from NewPartition to OnlinePartition with state LeaderAndIsr(leader=0, leaderEpoch=0, isrWithBrokerEpoch=List(BrokerState(brokerId=0, brokerEpoch=-1)), leaderRecoveryState=RECOVERED, partitionEpoch=0) (state.change.logger)
[2024-12-17 11:26:33,121] INFO [Controller id=0 epoch=1] Changed partition __consumer_offsets-30 from NewPartition to OnlinePartition with state LeaderAndIsr(leader=0, leaderEpoch=0, isrWithBrokerEpoch=List(BrokerState(brokerId=0, brokerEpoch=-1)), leaderRecoveryState=RECOVERED, partitionEpoch=0) (state.change.logger)
[2024-12-17 11:26:33,121] INFO [Controller id=0 epoch=1] Changed partition __consumer_offsets-8 from NewPartition to OnlinePartition with state LeaderAndIsr(leader=0, leaderEpoch=0, isrWithBrokerEpoch=List(BrokerState(brokerId=0, brokerEpoch=-1)), leaderRecoveryState=RECOVERED, partitionEpoch=0) (state.change.logger)
[2024-12-17 11:26:33,121] INFO [Controller id=0 epoch=1] Changed partition __consumer_offsets-21 from NewPartition to OnlinePartition with state LeaderAndIsr(leader=0, leaderEpoch=0, isrWithBrokerEpoch=List(BrokerState(brokerId=0, brokerEpoch=-1)), leaderRecoveryState=RECOVERED, partitionEpoch=0) (state.change.logger)
[2024-12-17 11:26:33,121] INFO [Controller id=0 epoch=1] Changed partition __consumer_offsets-4 from NewPartition to OnlinePartition with state LeaderAndIsr(leader=0, leaderEpoch=0, isrWithBrokerEpoch=List(BrokerState(brokerId=0, brokerEpoch=-1)), leaderRecoveryState=RECOVERED, partitionEpoch=0) (state.change.logger)
[2024-12-17 11:26:33,121] INFO [Controller id=0 epoch=1] Changed partition __consumer_offsets-27 from NewPartition to OnlinePartition with state LeaderAndIsr(leader=0, leaderEpoch=0, isrWithBrokerEpoch=List(BrokerState(brokerId=0, brokerEpoch=-1)), leaderRecoveryState=RECOVERED, partitionEpoch=0) (state.change.logger)
[2024-12-17 11:26:33,121] INFO [Controller id=0 epoch=1] Changed partition __consumer_offsets-7 from NewPartition to OnlinePartition with state LeaderAndIsr(leader=0, leaderEpoch=0, isrWithBrokerEpoch=List(BrokerState(brokerId=0, brokerEpoch=-1)), leaderRecoveryState=RECOVERED, partitionEpoch=0) (state.change.logger)
[2024-12-17 11:26:33,121] INFO [Controller id=0 epoch=1] Changed partition __consumer_offsets-9 from NewPartition to OnlinePartition with state LeaderAndIsr(leader=0, leaderEpoch=0, isrWithBrokerEpoch=List(BrokerState(brokerId=0, brokerEpoch=-1)), leaderRecoveryState=RECOVERED, partitionEpoch=0) (state.change.logger)
[2024-12-17 11:26:33,121] INFO [Controller id=0 epoch=1] Changed partition __consumer_offsets-46 from NewPartition to OnlinePartition with state LeaderAndIsr(leader=0, leaderEpoch=0, isrWithBrokerEpoch=List(BrokerState(brokerId=0, brokerEpoch=-1)), leaderRecoveryState=RECOVERED, partitionEpoch=0) (state.change.logger)
[2024-12-17 11:26:33,121] INFO [Controller id=0 epoch=1] Changed partition __consumer_offsets-25 from NewPartition to OnlinePartition with state LeaderAndIsr(leader=0, leaderEpoch=0, isrWithBrokerEpoch=List(BrokerState(brokerId=0, brokerEpoch=-1)), leaderRecoveryState=RECOVERED, partitionEpoch=0) (state.change.logger)
[2024-12-17 11:26:33,122] INFO [Controller id=0 epoch=1] Changed partition __consumer_offsets-35 from NewPartition to OnlinePartition with state LeaderAndIsr(leader=0, leaderEpoch=0, isrWithBrokerEpoch=List(BrokerState(brokerId=0, brokerEpoch=-1)), leaderRecoveryState=RECOVERED, partitionEpoch=0) (state.change.logger)
[2024-12-17 11:26:33,122] INFO [Controller id=0 epoch=1] Changed partition __consumer_offsets-41 from NewPartition to OnlinePartition with state LeaderAndIsr(leader=0, leaderEpoch=0, isrWithBrokerEpoch=List(BrokerState(brokerId=0, brokerEpoch=-1)), leaderRecoveryState=RECOVERED, partitionEpoch=0) (state.change.logger)
[2024-12-17 11:26:33,122] INFO [Controller id=0 epoch=1] Changed partition __consumer_offsets-33 from NewPartition to OnlinePartition with state LeaderAndIsr(leader=0, leaderEpoch=0, isrWithBrokerEpoch=List(BrokerState(brokerId=0, brokerEpoch=-1)), leaderRecoveryState=RECOVERED, partitionEpoch=0) (state.change.logger)
[2024-12-17 11:26:33,122] INFO [Controller id=0 epoch=1] Changed partition __consumer_offsets-23 from NewPartition to OnlinePartition with state LeaderAndIsr(leader=0, leaderEpoch=0, isrWithBrokerEpoch=List(BrokerState(brokerId=0, brokerEpoch=-1)), leaderRecoveryState=RECOVERED, partitionEpoch=0) (state.change.logger)
[2024-12-17 11:26:33,122] INFO [Controller id=0 epoch=1] Changed partition __consumer_offsets-49 from NewPartition to OnlinePartition with state LeaderAndIsr(leader=0, leaderEpoch=0, isrWithBrokerEpoch=List(BrokerState(brokerId=0, brokerEpoch=-1)), leaderRecoveryState=RECOVERED, partitionEpoch=0) (state.change.logger)
[2024-12-17 11:26:33,122] INFO [Controller id=0 epoch=1] Changed partition __consumer_offsets-47 from NewPartition to OnlinePartition with state LeaderAndIsr(leader=0, leaderEpoch=0, isrWithBrokerEpoch=List(BrokerState(brokerId=0, brokerEpoch=-1)), leaderRecoveryState=RECOVERED, partitionEpoch=0) (state.change.logger)
[2024-12-17 11:26:33,122] INFO [Controller id=0 epoch=1] Changed partition __consumer_offsets-16 from NewPartition to OnlinePartition with state LeaderAndIsr(leader=0, leaderEpoch=0, isrWithBrokerEpoch=List(BrokerState(brokerId=0, brokerEpoch=-1)), leaderRecoveryState=RECOVERED, partitionEpoch=0) (state.change.logger)
[2024-12-17 11:26:33,122] INFO [Controller id=0 epoch=1] Changed partition __consumer_offsets-28 from NewPartition to OnlinePartition with state LeaderAndIsr(leader=0, leaderEpoch=0, isrWithBrokerEpoch=List(BrokerState(brokerId=0, brokerEpoch=-1)), leaderRecoveryState=RECOVERED, partitionEpoch=0) (state.change.logger)
[2024-12-17 11:26:33,122] INFO [Controller id=0 epoch=1] Changed partition __consumer_offsets-31 from NewPartition to OnlinePartition with state LeaderAndIsr(leader=0, leaderEpoch=0, isrWithBrokerEpoch=List(BrokerState(brokerId=0, brokerEpoch=-1)), leaderRecoveryState=RECOVERED, partitionEpoch=0) (state.change.logger)
[2024-12-17 11:26:33,122] INFO [Controller id=0 epoch=1] Changed partition __consumer_offsets-36 from NewPartition to OnlinePartition with state LeaderAndIsr(leader=0, leaderEpoch=0, isrWithBrokerEpoch=List(BrokerState(brokerId=0, brokerEpoch=-1)), leaderRecoveryState=RECOVERED, partitionEpoch=0) (state.change.logger)
[2024-12-17 11:26:33,122] INFO [Controller id=0 epoch=1] Changed partition __consumer_offsets-42 from NewPartition to OnlinePartition with state LeaderAndIsr(leader=0, leaderEpoch=0, isrWithBrokerEpoch=List(BrokerState(brokerId=0, brokerEpoch=-1)), leaderRecoveryState=RECOVERED, partitionEpoch=0) (state.change.logger)
[2024-12-17 11:26:33,122] INFO [Controller id=0 epoch=1] Changed partition __consumer_offsets-3 from NewPartition to OnlinePartition with state LeaderAndIsr(leader=0, leaderEpoch=0, isrWithBrokerEpoch=List(BrokerState(brokerId=0, brokerEpoch=-1)), leaderRecoveryState=RECOVERED, partitionEpoch=0) (state.change.logger)
[2024-12-17 11:26:33,122] INFO [Controller id=0 epoch=1] Changed partition __consumer_offsets-18 from NewPartition to OnlinePartition with state LeaderAndIsr(leader=0, leaderEpoch=0, isrWithBrokerEpoch=List(BrokerState(brokerId=0, brokerEpoch=-1)), leaderRecoveryState=RECOVERED, partitionEpoch=0) (state.change.logger)
[2024-12-17 11:26:33,122] INFO [Controller id=0 epoch=1] Changed partition __consumer_offsets-37 from NewPartition to OnlinePartition with state LeaderAndIsr(leader=0, leaderEpoch=0, isrWithBrokerEpoch=List(BrokerState(brokerId=0, brokerEpoch=-1)), leaderRecoveryState=RECOVERED, partitionEpoch=0) (state.change.logger)
[2024-12-17 11:26:33,122] INFO [Controller id=0 epoch=1] Changed partition __consumer_offsets-15 from NewPartition to OnlinePartition with state LeaderAndIsr(leader=0, leaderEpoch=0, isrWithBrokerEpoch=List(BrokerState(brokerId=0, brokerEpoch=-1)), leaderRecoveryState=RECOVERED, partitionEpoch=0) (state.change.logger)
[2024-12-17 11:26:33,122] INFO [Controller id=0 epoch=1] Changed partition __consumer_offsets-24 from NewPartition to OnlinePartition with state LeaderAndIsr(leader=0, leaderEpoch=0, isrWithBrokerEpoch=List(BrokerState(brokerId=0, brokerEpoch=-1)), leaderRecoveryState=RECOVERED, partitionEpoch=0) (state.change.logger)
[2024-12-17 11:26:33,122] INFO [Controller id=0 epoch=1] Changed partition __consumer_offsets-38 from NewPartition to OnlinePartition with state LeaderAndIsr(leader=0, leaderEpoch=0, isrWithBrokerEpoch=List(BrokerState(brokerId=0, brokerEpoch=-1)), leaderRecoveryState=RECOVERED, partitionEpoch=0) (state.change.logger)
[2024-12-17 11:26:33,122] INFO [Controller id=0 epoch=1] Changed partition __consumer_offsets-17 from NewPartition to OnlinePartition with state LeaderAndIsr(leader=0, leaderEpoch=0, isrWithBrokerEpoch=List(BrokerState(brokerId=0, brokerEpoch=-1)), leaderRecoveryState=RECOVERED, partitionEpoch=0) (state.change.logger)
[2024-12-17 11:26:33,122] INFO [Controller id=0 epoch=1] Changed partition __consumer_offsets-48 from NewPartition to OnlinePartition with state LeaderAndIsr(leader=0, leaderEpoch=0, isrWithBrokerEpoch=List(BrokerState(brokerId=0, brokerEpoch=-1)), leaderRecoveryState=RECOVERED, partitionEpoch=0) (state.change.logger)
[2024-12-17 11:26:33,122] INFO [Controller id=0 epoch=1] Changed partition __consumer_offsets-19 from NewPartition to OnlinePartition with state LeaderAndIsr(leader=0, leaderEpoch=0, isrWithBrokerEpoch=List(BrokerState(brokerId=0, brokerEpoch=-1)), leaderRecoveryState=RECOVERED, partitionEpoch=0) (state.change.logger)
[2024-12-17 11:26:33,122] INFO [Controller id=0 epoch=1] Changed partition __consumer_offsets-11 from NewPartition to OnlinePartition with state LeaderAndIsr(leader=0, leaderEpoch=0, isrWithBrokerEpoch=List(BrokerState(brokerId=0, brokerEpoch=-1)), leaderRecoveryState=RECOVERED, partitionEpoch=0) (state.change.logger)
[2024-12-17 11:26:33,122] INFO [Controller id=0 epoch=1] Changed partition __consumer_offsets-13 from NewPartition to OnlinePartition with state LeaderAndIsr(leader=0, leaderEpoch=0, isrWithBrokerEpoch=List(BrokerState(brokerId=0, brokerEpoch=-1)), leaderRecoveryState=RECOVERED, partitionEpoch=0) (state.change.logger)
[2024-12-17 11:26:33,122] INFO [Controller id=0 epoch=1] Changed partition __consumer_offsets-2 from NewPartition to OnlinePartition with state LeaderAndIsr(leader=0, leaderEpoch=0, isrWithBrokerEpoch=List(BrokerState(brokerId=0, brokerEpoch=-1)), leaderRecoveryState=RECOVERED, partitionEpoch=0) (state.change.logger)
[2024-12-17 11:26:33,122] INFO [Controller id=0 epoch=1] Changed partition __consumer_offsets-43 from NewPartition to OnlinePartition with state LeaderAndIsr(leader=0, leaderEpoch=0, isrWithBrokerEpoch=List(BrokerState(brokerId=0, brokerEpoch=-1)), leaderRecoveryState=RECOVERED, partitionEpoch=0) (state.change.logger)
[2024-12-17 11:26:33,122] INFO [Controller id=0 epoch=1] Changed partition __consumer_offsets-6 from NewPartition to OnlinePartition with state LeaderAndIsr(leader=0, leaderEpoch=0, isrWithBrokerEpoch=List(BrokerState(brokerId=0, brokerEpoch=-1)), leaderRecoveryState=RECOVERED, partitionEpoch=0) (state.change.logger)
[2024-12-17 11:26:33,122] INFO [Controller id=0 epoch=1] Changed partition __consumer_offsets-14 from NewPartition to OnlinePartition with state LeaderAndIsr(leader=0, leaderEpoch=0, isrWithBrokerEpoch=List(BrokerState(brokerId=0, brokerEpoch=-1)), leaderRecoveryState=RECOVERED, partitionEpoch=0) (state.change.logger)
[2024-12-17 11:26:33,122] INFO [Controller id=0 epoch=1] Changed partition __consumer_offsets-20 from NewPartition to OnlinePartition with state LeaderAndIsr(leader=0, leaderEpoch=0, isrWithBrokerEpoch=List(BrokerState(brokerId=0, brokerEpoch=-1)), leaderRecoveryState=RECOVERED, partitionEpoch=0) (state.change.logger)
[2024-12-17 11:26:33,122] INFO [Controller id=0 epoch=1] Changed partition __consumer_offsets-0 from NewPartition to OnlinePartition with state LeaderAndIsr(leader=0, leaderEpoch=0, isrWithBrokerEpoch=List(BrokerState(brokerId=0, brokerEpoch=-1)), leaderRecoveryState=RECOVERED, partitionEpoch=0) (state.change.logger)
[2024-12-17 11:26:33,122] INFO [Controller id=0 epoch=1] Changed partition __consumer_offsets-44 from NewPartition to OnlinePartition with state LeaderAndIsr(leader=0, leaderEpoch=0, isrWithBrokerEpoch=List(BrokerState(brokerId=0, brokerEpoch=-1)), leaderRecoveryState=RECOVERED, partitionEpoch=0) (state.change.logger)
[2024-12-17 11:26:33,122] INFO [Controller id=0 epoch=1] Changed partition __consumer_offsets-39 from NewPartition to OnlinePartition with state LeaderAndIsr(leader=0, leaderEpoch=0, isrWithBrokerEpoch=List(BrokerState(brokerId=0, brokerEpoch=-1)), leaderRecoveryState=RECOVERED, partitionEpoch=0) (state.change.logger)
[2024-12-17 11:26:33,122] INFO [Controller id=0 epoch=1] Changed partition __consumer_offsets-12 from NewPartition to OnlinePartition with state LeaderAndIsr(leader=0, leaderEpoch=0, isrWithBrokerEpoch=List(BrokerState(brokerId=0, brokerEpoch=-1)), leaderRecoveryState=RECOVERED, partitionEpoch=0) (state.change.logger)
[2024-12-17 11:26:33,122] INFO [Controller id=0 epoch=1] Changed partition __consumer_offsets-45 from NewPartition to OnlinePartition with state LeaderAndIsr(leader=0, leaderEpoch=0, isrWithBrokerEpoch=List(BrokerState(brokerId=0, brokerEpoch=-1)), leaderRecoveryState=RECOVERED, partitionEpoch=0) (state.change.logger)
[2024-12-17 11:26:33,122] INFO [Controller id=0 epoch=1] Changed partition __consumer_offsets-1 from NewPartition to OnlinePartition with state LeaderAndIsr(leader=0, leaderEpoch=0, isrWithBrokerEpoch=List(BrokerState(brokerId=0, brokerEpoch=-1)), leaderRecoveryState=RECOVERED, partitionEpoch=0) (state.change.logger)
[2024-12-17 11:26:33,122] INFO [Controller id=0 epoch=1] Changed partition __consumer_offsets-5 from NewPartition to OnlinePartition with state LeaderAndIsr(leader=0, leaderEpoch=0, isrWithBrokerEpoch=List(BrokerState(brokerId=0, brokerEpoch=-1)), leaderRecoveryState=RECOVERED, partitionEpoch=0) (state.change.logger)
[2024-12-17 11:26:33,122] INFO [Controller id=0 epoch=1] Changed partition __consumer_offsets-26 from NewPartition to OnlinePartition with state LeaderAndIsr(leader=0, leaderEpoch=0, isrWithBrokerEpoch=List(BrokerState(brokerId=0, brokerEpoch=-1)), leaderRecoveryState=RECOVERED, partitionEpoch=0) (state.change.logger)
[2024-12-17 11:26:33,122] INFO [Controller id=0 epoch=1] Changed partition __consumer_offsets-29 from NewPartition to OnlinePartition with state LeaderAndIsr(leader=0, leaderEpoch=0, isrWithBrokerEpoch=List(BrokerState(brokerId=0, brokerEpoch=-1)), leaderRecoveryState=RECOVERED, partitionEpoch=0) (state.change.logger)
[2024-12-17 11:26:33,122] INFO [Controller id=0 epoch=1] Changed partition __consumer_offsets-34 from NewPartition to OnlinePartition with state LeaderAndIsr(leader=0, leaderEpoch=0, isrWithBrokerEpoch=List(BrokerState(brokerId=0, brokerEpoch=-1)), leaderRecoveryState=RECOVERED, partitionEpoch=0) (state.change.logger)
[2024-12-17 11:26:33,122] INFO [Controller id=0 epoch=1] Changed partition __consumer_offsets-10 from NewPartition to OnlinePartition with state LeaderAndIsr(leader=0, leaderEpoch=0, isrWithBrokerEpoch=List(BrokerState(brokerId=0, brokerEpoch=-1)), leaderRecoveryState=RECOVERED, partitionEpoch=0) (state.change.logger)
[2024-12-17 11:26:33,123] INFO [Controller id=0 epoch=1] Changed partition __consumer_offsets-32 from NewPartition to OnlinePartition with state LeaderAndIsr(leader=0, leaderEpoch=0, isrWithBrokerEpoch=List(BrokerState(brokerId=0, brokerEpoch=-1)), leaderRecoveryState=RECOVERED, partitionEpoch=0) (state.change.logger)
[2024-12-17 11:26:33,123] INFO [Controller id=0 epoch=1] Changed partition __consumer_offsets-40 from NewPartition to OnlinePartition with state LeaderAndIsr(leader=0, leaderEpoch=0, isrWithBrokerEpoch=List(BrokerState(brokerId=0, brokerEpoch=-1)), leaderRecoveryState=RECOVERED, partitionEpoch=0) (state.change.logger)
[2024-12-17 11:26:33,123] INFO [Controller id=0 epoch=1] Sending LeaderAndIsr request to broker 0 with 50 become-leader and 0 become-follower partitions (state.change.logger)
[2024-12-17 11:26:33,123] INFO [Controller id=0 epoch=1] Sending UpdateMetadata request to brokers Set(0) for 50 partitions (state.change.logger)
[2024-12-17 11:26:33,124] INFO [Controller id=0 epoch=1] Sending UpdateMetadata request to brokers Set() for 0 partitions (state.change.logger)
[2024-12-17 11:26:33,125] INFO [Broker id=0] Handling LeaderAndIsr request correlationId 3 from controller 0 for 50 partitions (state.change.logger)
[2024-12-17 11:26:33,132] INFO [Broker id=0] Stopped fetchers as part of LeaderAndIsr request correlationId 3 from controller 0 epoch 1 as part of the become-leader transition for 50 partitions (state.change.logger)
[2024-12-17 11:26:33,143] INFO [Broker id=0] Leader __consumer_offsets-0 with topic id Some(8siLklfFSFKrwiK_TqCeDw) starts at leader epoch 0 from offset 0 with partition epoch 0, high watermark 0, ISR [0], adding replicas [] and removing replicas [] . Previous leader None and previous leader epoch was -1. (state.change.logger)
[2024-12-17 11:26:33,151] INFO [Broker id=0] Leader __consumer_offsets-29 with topic id Some(8siLklfFSFKrwiK_TqCeDw) starts at leader epoch 0 from offset 0 with partition epoch 0, high watermark 0, ISR [0], adding replicas [] and removing replicas [] . Previous leader None and previous leader epoch was -1. (state.change.logger)
[2024-12-17 11:26:33,161] INFO [Broker id=0] Leader __consumer_offsets-48 with topic id Some(8siLklfFSFKrwiK_TqCeDw) starts at leader epoch 0 from offset 0 with partition epoch 0, high watermark 0, ISR [0], adding replicas [] and removing replicas [] . Previous leader None and previous leader epoch was -1. (state.change.logger)
[2024-12-17 11:26:33,169] INFO [Broker id=0] Leader __consumer_offsets-10 with topic id Some(8siLklfFSFKrwiK_TqCeDw) starts at leader epoch 0 from offset 0 with partition epoch 0, high watermark 0, ISR [0], adding replicas [] and removing replicas [] . Previous leader None and previous leader epoch was -1. (state.change.logger)
[2024-12-17 11:26:33,176] INFO [Broker id=0] Leader __consumer_offsets-45 with topic id Some(8siLklfFSFKrwiK_TqCeDw) starts at leader epoch 0 from offset 0 with partition epoch 0, high watermark 0, ISR [0], adding replicas [] and removing replicas [] . Previous leader None and previous leader epoch was -1. (state.change.logger)
[2024-12-17 11:26:33,184] INFO [Broker id=0] Leader __consumer_offsets-26 with topic id Some(8siLklfFSFKrwiK_TqCeDw) starts at leader epoch 0 from offset 0 with partition epoch 0, high watermark 0, ISR [0], adding replicas [] and removing replicas [] . Previous leader None and previous leader epoch was -1. (state.change.logger)
[2024-12-17 11:26:33,192] INFO [Broker id=0] Leader __consumer_offsets-7 with topic id Some(8siLklfFSFKrwiK_TqCeDw) starts at leader epoch 0 from offset 0 with partition epoch 0, high watermark 0, ISR [0], adding replicas [] and removing replicas [] . Previous leader None and previous leader epoch was -1. (state.change.logger)
[2024-12-17 11:26:33,199] INFO [Broker id=0] Leader __consumer_offsets-42 with topic id Some(8siLklfFSFKrwiK_TqCeDw) starts at leader epoch 0 from offset 0 with partition epoch 0, high watermark 0, ISR [0], adding replicas [] and removing replicas [] . Previous leader None and previous leader epoch was -1. (state.change.logger)
[2024-12-17 11:26:33,207] INFO [Broker id=0] Leader __consumer_offsets-4 with topic id Some(8siLklfFSFKrwiK_TqCeDw) starts at leader epoch 0 from offset 0 with partition epoch 0, high watermark 0, ISR [0], adding replicas [] and removing replicas [] . Previous leader None and previous leader epoch was -1. (state.change.logger)
[2024-12-17 11:26:33,214] INFO [Broker id=0] Leader __consumer_offsets-23 with topic id Some(8siLklfFSFKrwiK_TqCeDw) starts at leader epoch 0 from offset 0 with partition epoch 0, high watermark 0, ISR [0], adding replicas [] and removing replicas [] . Previous leader None and previous leader epoch was -1. (state.change.logger)
[2024-12-17 11:26:33,223] INFO [Broker id=0] Leader __consumer_offsets-1 with topic id Some(8siLklfFSFKrwiK_TqCeDw) starts at leader epoch 0 from offset 0 with partition epoch 0, high watermark 0, ISR [0], adding replicas [] and removing replicas [] . Previous leader None and previous leader epoch was -1. (state.change.logger)
[2024-12-17 11:26:33,233] INFO [Broker id=0] Leader __consumer_offsets-20 with topic id Some(8siLklfFSFKrwiK_TqCeDw) starts at leader epoch 0 from offset 0 with partition epoch 0, high watermark 0, ISR [0], adding replicas [] and removing replicas [] . Previous leader None and previous leader epoch was -1. (state.change.logger)
[2024-12-17 11:26:33,240] INFO [Broker id=0] Leader __consumer_offsets-39 with topic id Some(8siLklfFSFKrwiK_TqCeDw) starts at leader epoch 0 from offset 0 with partition epoch 0, high watermark 0, ISR [0], adding replicas [] and removing replicas [] . Previous leader None and previous leader epoch was -1. (state.change.logger)
[2024-12-17 11:26:33,247] INFO [Broker id=0] Leader __consumer_offsets-17 with topic id Some(8siLklfFSFKrwiK_TqCeDw) starts at leader epoch 0 from offset 0 with partition epoch 0, high watermark 0, ISR [0], adding replicas [] and removing replicas [] . Previous leader None and previous leader epoch was -1. (state.change.logger)
[2024-12-17 11:26:33,254] INFO [Broker id=0] Leader __consumer_offsets-36 with topic id Some(8siLklfFSFKrwiK_TqCeDw) starts at leader epoch 0 from offset 0 with partition epoch 0, high watermark 0, ISR [0], adding replicas [] and removing replicas [] . Previous leader None and previous leader epoch was -1. (state.change.logger)
[2024-12-17 11:26:33,263] INFO [Broker id=0] Leader __consumer_offsets-14 with topic id Some(8siLklfFSFKrwiK_TqCeDw) starts at leader epoch 0 from offset 0 with partition epoch 0, high watermark 0, ISR [0], adding replicas [] and removing replicas [] . Previous leader None and previous leader epoch was -1. (state.change.logger)
[2024-12-17 11:26:33,271] INFO [Broker id=0] Leader __consumer_offsets-33 with topic id Some(8siLklfFSFKrwiK_TqCeDw) starts at leader epoch 0 from offset 0 with partition epoch 0, high watermark 0, ISR [0], adding replicas [] and removing replicas [] . Previous leader None and previous leader epoch was -1. (state.change.logger)
[2024-12-17 11:26:33,280] INFO [Broker id=0] Leader __consumer_offsets-49 with topic id Some(8siLklfFSFKrwiK_TqCeDw) starts at leader epoch 0 from offset 0 with partition epoch 0, high watermark 0, ISR [0], adding replicas [] and removing replicas [] . Previous leader None and previous leader epoch was -1. (state.change.logger)
[2024-12-17 11:26:33,289] INFO [Broker id=0] Leader __consumer_offsets-11 with topic id Some(8siLklfFSFKrwiK_TqCeDw) starts at leader epoch 0 from offset 0 with partition epoch 0, high watermark 0, ISR [0], adding replicas [] and removing replicas [] . Previous leader None and previous leader epoch was -1. (state.change.logger)
[2024-12-17 11:26:33,297] INFO [Broker id=0] Leader __consumer_offsets-30 with topic id Some(8siLklfFSFKrwiK_TqCeDw) starts at leader epoch 0 from offset 0 with partition epoch 0, high watermark 0, ISR [0], adding replicas [] and removing replicas [] . Previous leader None and previous leader epoch was -1. (state.change.logger)
[2024-12-17 11:26:33,306] INFO [Broker id=0] Leader __consumer_offsets-46 with topic id Some(8siLklfFSFKrwiK_TqCeDw) starts at leader epoch 0 from offset 0 with partition epoch 0, high watermark 0, ISR [0], adding replicas [] and removing replicas [] . Previous leader None and previous leader epoch was -1. (state.change.logger)
[2024-12-17 11:26:33,314] INFO [Broker id=0] Leader __consumer_offsets-27 with topic id Some(8siLklfFSFKrwiK_TqCeDw) starts at leader epoch 0 from offset 0 with partition epoch 0, high watermark 0, ISR [0], adding replicas [] and removing replicas [] . Previous leader None and previous leader epoch was -1. (state.change.logger)
[2024-12-17 11:26:33,322] INFO [Broker id=0] Leader __consumer_offsets-8 with topic id Some(8siLklfFSFKrwiK_TqCeDw) starts at leader epoch 0 from offset 0 with partition epoch 0, high watermark 0, ISR [0], adding replicas [] and removing replicas [] . Previous leader None and previous leader epoch was -1. (state.change.logger)
[2024-12-17 11:26:33,330] INFO [Broker id=0] Leader __consumer_offsets-24 with topic id Some(8siLklfFSFKrwiK_TqCeDw) starts at leader epoch 0 from offset 0 with partition epoch 0, high watermark 0, ISR [0], adding replicas [] and removing replicas [] . Previous leader None and previous leader epoch was -1. (state.change.logger)
[2024-12-17 11:26:33,339] INFO [Broker id=0] Leader __consumer_offsets-43 with topic id Some(8siLklfFSFKrwiK_TqCeDw) starts at leader epoch 0 from offset 0 with partition epoch 0, high watermark 0, ISR [0], adding replicas [] and removing replicas [] . Previous leader None and previous leader epoch was -1. (state.change.logger)
[2024-12-17 11:26:33,348] INFO [Broker id=0] Leader __consumer_offsets-5 with topic id Some(8siLklfFSFKrwiK_TqCeDw) starts at leader epoch 0 from offset 0 with partition epoch 0, high watermark 0, ISR [0], adding replicas [] and removing replicas [] . Previous leader None and previous leader epoch was -1. (state.change.logger)
[2024-12-17 11:26:33,357] INFO [Broker id=0] Leader __consumer_offsets-21 with topic id Some(8siLklfFSFKrwiK_TqCeDw) starts at leader epoch 0 from offset 0 with partition epoch 0, high watermark 0, ISR [0], adding replicas [] and removing replicas [] . Previous leader None and previous leader epoch was -1. (state.change.logger)
[2024-12-17 11:26:33,365] INFO [Broker id=0] Leader __consumer_offsets-40 with topic id Some(8siLklfFSFKrwiK_TqCeDw) starts at leader epoch 0 from offset 0 with partition epoch 0, high watermark 0, ISR [0], adding replicas [] and removing replicas [] . Previous leader None and previous leader epoch was -1. (state.change.logger)
[2024-12-17 11:26:33,373] INFO [Broker id=0] Leader __consumer_offsets-2 with topic id Some(8siLklfFSFKrwiK_TqCeDw) starts at leader epoch 0 from offset 0 with partition epoch 0, high watermark 0, ISR [0], adding replicas [] and removing replicas [] . Previous leader None and previous leader epoch was -1. (state.change.logger)
[2024-12-17 11:26:33,382] INFO [Broker id=0] Leader __consumer_offsets-37 with topic id Some(8siLklfFSFKrwiK_TqCeDw) starts at leader epoch 0 from offset 0 with partition epoch 0, high watermark 0, ISR [0], adding replicas [] and removing replicas [] . Previous leader None and previous leader epoch was -1. (state.change.logger)
[2024-12-17 11:26:33,390] INFO [Broker id=0] Leader __consumer_offsets-18 with topic id Some(8siLklfFSFKrwiK_TqCeDw) starts at leader epoch 0 from offset 0 with partition epoch 0, high watermark 0, ISR [0], adding replicas [] and removing replicas [] . Previous leader None and previous leader epoch was -1. (state.change.logger)
[2024-12-17 11:26:33,398] INFO [Broker id=0] Leader __consumer_offsets-34 with topic id Some(8siLklfFSFKrwiK_TqCeDw) starts at leader epoch 0 from offset 0 with partition epoch 0, high watermark 0, ISR [0], adding replicas [] and removing replicas [] . Previous leader None and previous leader epoch was -1. (state.change.logger)
[2024-12-17 11:26:33,405] INFO [Broker id=0] Leader __consumer_offsets-15 with topic id Some(8siLklfFSFKrwiK_TqCeDw) starts at leader epoch 0 from offset 0 with partition epoch 0, high watermark 0, ISR [0], adding replicas [] and removing replicas [] . Previous leader None and previous leader epoch was -1. (state.change.logger)
[2024-12-17 11:26:33,414] INFO [Broker id=0] Leader __consumer_offsets-12 with topic id Some(8siLklfFSFKrwiK_TqCeDw) starts at leader epoch 0 from offset 0 with partition epoch 0, high watermark 0, ISR [0], adding replicas [] and removing replicas [] . Previous leader None and previous leader epoch was -1. (state.change.logger)
[2024-12-17 11:26:33,422] INFO [Broker id=0] Leader __consumer_offsets-31 with topic id Some(8siLklfFSFKrwiK_TqCeDw) starts at leader epoch 0 from offset 0 with partition epoch 0, high watermark 0, ISR [0], adding replicas [] and removing replicas [] . Previous leader None and previous leader epoch was -1. (state.change.logger)
[2024-12-17 11:26:33,431] INFO [Broker id=0] Leader __consumer_offsets-9 with topic id Some(8siLklfFSFKrwiK_TqCeDw) starts at leader epoch 0 from offset 0 with partition epoch 0, high watermark 0, ISR [0], adding replicas [] and removing replicas [] . Previous leader None and previous leader epoch was -1. (state.change.logger)
[2024-12-17 11:26:33,439] INFO [Broker id=0] Leader __consumer_offsets-47 with topic id Some(8siLklfFSFKrwiK_TqCeDw) starts at leader epoch 0 from offset 0 with partition epoch 0, high watermark 0, ISR [0], adding replicas [] and removing replicas [] . Previous leader None and previous leader epoch was -1. (state.change.logger)
[2024-12-17 11:26:33,448] INFO [Broker id=0] Leader __consumer_offsets-19 with topic id Some(8siLklfFSFKrwiK_TqCeDw) starts at leader epoch 0 from offset 0 with partition epoch 0, high watermark 0, ISR [0], adding replicas [] and removing replicas [] . Previous leader None and previous leader epoch was -1. (state.change.logger)
[2024-12-17 11:26:33,455] INFO [Broker id=0] Leader __consumer_offsets-28 with topic id Some(8siLklfFSFKrwiK_TqCeDw) starts at leader epoch 0 from offset 0 with partition epoch 0, high watermark 0, ISR [0], adding replicas [] and removing replicas [] . Previous leader None and previous leader epoch was -1. (state.change.logger)
[2024-12-17 11:26:33,464] INFO [Broker id=0] Leader __consumer_offsets-38 with topic id Some(8siLklfFSFKrwiK_TqCeDw) starts at leader epoch 0 from offset 0 with partition epoch 0, high watermark 0, ISR [0], adding replicas [] and removing replicas [] . Previous leader None and previous leader epoch was -1. (state.change.logger)
[2024-12-17 11:26:33,472] INFO [Broker id=0] Leader __consumer_offsets-35 with topic id Some(8siLklfFSFKrwiK_TqCeDw) starts at leader epoch 0 from offset 0 with partition epoch 0, high watermark 0, ISR [0], adding replicas [] and removing replicas [] . Previous leader None and previous leader epoch was -1. (state.change.logger)
[2024-12-17 11:26:33,481] INFO [Broker id=0] Leader __consumer_offsets-6 with topic id Some(8siLklfFSFKrwiK_TqCeDw) starts at leader epoch 0 from offset 0 with partition epoch 0, high watermark 0, ISR [0], adding replicas [] and removing replicas [] . Previous leader None and previous leader epoch was -1. (state.change.logger)
[2024-12-17 11:26:33,489] INFO [Broker id=0] Leader __consumer_offsets-44 with topic id Some(8siLklfFSFKrwiK_TqCeDw) starts at leader epoch 0 from offset 0 with partition epoch 0, high watermark 0, ISR [0], adding replicas [] and removing replicas [] . Previous leader None and previous leader epoch was -1. (state.change.logger)
[2024-12-17 11:26:33,498] INFO [Broker id=0] Leader __consumer_offsets-25 with topic id Some(8siLklfFSFKrwiK_TqCeDw) starts at leader epoch 0 from offset 0 with partition epoch 0, high watermark 0, ISR [0], adding replicas [] and removing replicas [] . Previous leader None and previous leader epoch was -1. (state.change.logger)
[2024-12-17 11:26:33,506] INFO [Broker id=0] Leader __consumer_offsets-16 with topic id Some(8siLklfFSFKrwiK_TqCeDw) starts at leader epoch 0 from offset 0 with partition epoch 0, high watermark 0, ISR [0], adding replicas [] and removing replicas [] . Previous leader None and previous leader epoch was -1. (state.change.logger)
[2024-12-17 11:26:33,516] INFO [Broker id=0] Leader __consumer_offsets-22 with topic id Some(8siLklfFSFKrwiK_TqCeDw) starts at leader epoch 0 from offset 0 with partition epoch 0, high watermark 0, ISR [0], adding replicas [] and removing replicas [] . Previous leader None and previous leader epoch was -1. (state.change.logger)
[2024-12-17 11:26:33,524] INFO [Broker id=0] Leader __consumer_offsets-41 with topic id Some(8siLklfFSFKrwiK_TqCeDw) starts at leader epoch 0 from offset 0 with partition epoch 0, high watermark 0, ISR [0], adding replicas [] and removing replicas [] . Previous leader None and previous leader epoch was -1. (state.change.logger)
[2024-12-17 11:26:33,531] INFO [Broker id=0] Leader __consumer_offsets-32 with topic id Some(8siLklfFSFKrwiK_TqCeDw) starts at leader epoch 0 from offset 0 with partition epoch 0, high watermark 0, ISR [0], adding replicas [] and removing replicas [] . Previous leader None and previous leader epoch was -1. (state.change.logger)
[2024-12-17 11:26:33,537] INFO [Broker id=0] Leader __consumer_offsets-3 with topic id Some(8siLklfFSFKrwiK_TqCeDw) starts at leader epoch 0 from offset 0 with partition epoch 0, high watermark 0, ISR [0], adding replicas [] and removing replicas [] . Previous leader None and previous leader epoch was -1. (state.change.logger)
[2024-12-17 11:26:33,545] INFO [Broker id=0] Leader __consumer_offsets-13 with topic id Some(8siLklfFSFKrwiK_TqCeDw) starts at leader epoch 0 from offset 0 with partition epoch 0, high watermark 0, ISR [0], adding replicas [] and removing replicas [] . Previous leader None and previous leader epoch was -1. (state.change.logger)
[2024-12-17 11:26:33,555] INFO [Broker id=0] Finished LeaderAndIsr request in 430ms correlationId 3 from controller 0 for 50 partitions (state.change.logger)
[2024-12-17 11:26:33,557] INFO [Broker id=0] Add 50 partitions and deleted 0 partitions from metadata cache in response to UpdateMetadata request sent by controller 0 epoch 1 with correlation id 4 (state.change.logger)
